[debug] [2019-08-10T09:56:07.186Z] ----------------------------------------------------------------------
[debug] [2019-08-10T09:56:07.188Z] Command:       C:\Program Files\nodejs\node.exe C:\Users\joshd\AppData\Roaming\npm\node_modules\firebase-tools\lib\bin\firebase.js deploy
[debug] [2019-08-10T09:56:07.189Z] CLI Version:   7.2.2
[debug] [2019-08-10T09:56:07.189Z] Platform:      win32
[debug] [2019-08-10T09:56:07.189Z] Node Version:  v10.16.2
[debug] [2019-08-10T09:56:07.190Z] Time:          Sat Aug 10 2019 10:56:07 GMT+0100 (British Summer Time)
[debug] [2019-08-10T09:56:07.190Z] ----------------------------------------------------------------------
[debug] 
[debug] [2019-08-10T09:56:07.201Z] > command requires scopes: ["email","openid","https://www.googleapis.com/auth/cloudplatformprojects.readonly","https://www.googleapis.com/auth/firebase","https://www.googleapis.com/auth/cloud-platform"]
[debug] [2019-08-10T09:56:07.202Z] > authorizing via signed-in user
[debug] [2019-08-10T09:56:07.202Z] [iam] checking project social-44 for permissions ["cloudfunctions.functions.create","cloudfunctions.functions.delete","cloudfunctions.functions.get","cloudfunctions.functions.list","cloudfunctions.functions.update","cloudfunctions.operations.get","firebase.projects.get"]
[debug] [2019-08-10T09:56:07.203Z] >>> HTTP REQUEST POST https://cloudresourcemanager.googleapis.com/v1/projects/social-44:testIamPermissions  

[debug] [2019-08-10T09:56:08.028Z] <<< HTTP RESPONSE 200
[info] 
[info] === Deploying to 'social-44'...
[info] 
[info] i  deploying functions
[debug] [2019-08-10T09:56:11.019Z] > [functions] package.json contents: {
  "name": "functions",
  "description": "Cloud Functions for Firebase",
  "scripts": {
    "serve": "firebase serve --only functions",
    "shell": "firebase functions:shell",
    "start": "npm run shell",
    "deploy": "firebase deploy --only functions",
    "logs": "firebase functions:log"
  },
  "engines": {
    "node": "8"
  },
  "dependencies": {
    "express": "^4.17.1",
    "firebase": "^6.3.5",
    "firebase-admin": "^8.0.0",
    "firebase-functions": "^3.1.0"
  },
  "devDependencies": {
    "firebase-functions-test": "^0.1.6"
  },
  "private": true
}
[info] i  functions: ensuring necessary APIs are enabled...
[debug] [2019-08-10T09:56:11.020Z] >>> HTTP REQUEST GET https://serviceusage.googleapis.com/v1/projects/social-44/services/cloudfunctions.googleapis.com  
 
[debug] [2019-08-10T09:56:11.021Z] >>> HTTP REQUEST GET https://serviceusage.googleapis.com/v1/projects/social-44/services/runtimeconfig.googleapis.com  
 
[debug] [2019-08-10T09:56:11.803Z] <<< HTTP RESPONSE 200
[info] +  functions: all necessary APIs are enabled
[debug] [2019-08-10T09:56:11.809Z] <<< HTTP RESPONSE 200
[debug] [2019-08-10T09:56:11.810Z] >>> HTTP REQUEST GET https://firebase.googleapis.com/v1beta1/projects/social-44/adminSdkConfig  
 
[debug] [2019-08-10T09:56:12.024Z] <<< HTTP RESPONSE 200
[info] i  functions: preparing functions directory for uploading...
[debug] [2019-08-10T09:56:12.032Z] >>> HTTP REQUEST GET https://runtimeconfig.googleapis.com/v1beta1/projects/social-44/configs  
 
[debug] [2019-08-10T09:56:12.935Z] <<< HTTP RESPONSE 200
[info] i  functions: packaged functions (33.05 KB) for uploading
[debug] [2019-08-10T09:56:13.815Z] >>> HTTP REQUEST POST https://cloudfunctions.googleapis.com/v1/projects/social-44/locations/us-central1/functions:generateUploadUrl  
 
[debug] [2019-08-10T09:56:14.175Z] <<< HTTP RESPONSE 200
[debug] [2019-08-10T09:56:14.176Z] >>> HTTP REQUEST PUT https://storage.googleapis.com/gcf-upload-us-central1-71b0aa9c-1c7f-45f0-b0d4-5bee9e3200e6/c267c6b9-5f18-488d-9fa6-c73b50cbcf22.zip?GoogleAccessId=service-770034608691@gcf-admin-robot.iam.gserviceaccount.com&Expires=1565432767&Signature=b%2FsbqnweQA7sBIZya8l3oix1v%2F10PxJfeGPwJ3iVkKoohYchDspjItWjLwpR7KxirXml4ldGyDhetMFiqzF8ae9W44frRSwmpEk23Z%2BBOMgKoq6mGtlDDH618HR9zhpz%2FmY7C9eg397jVYrxfiM16Q0v%2BH0GJ1YE9VHi1Tkx39%2FKoz1THUZHkhDuAPNs04cHMYSZB2o6Ssr3DgyFLfPSe48hhwXBgB6yQ3wH9afnBlh3dqzKfnhr9zZcB5pyr8gDWCpPM6f%2FEFAkmLyqGsNh25BQNs1FkgHrLYbel%2BqP%2F1htC0FCbryJ%2B%2FR4jEWLJbsbFo%2Bnv%2Bs1vs5oJricHll7Bg%3D%3D  
 <request body omitted>
[debug] [2019-08-10T09:56:14.437Z] <<< HTTP RESPONSE 200
[info] +  functions: functions folder uploaded successfully
[debug] [2019-08-10T09:56:14.443Z] >>> HTTP REQUEST GET https://cloudfunctions.googleapis.com/v1/projects/social-44/locations/-/functions  
 
[debug] [2019-08-10T09:56:14.881Z] <<< HTTP RESPONSE 200
[info] i  functions: creating Node.js 8 function api(europe-west1)...
[debug] [2019-08-10T09:56:14.888Z] Trigger is:  {"httpsTrigger":{}}
[info] 
The following functions are found in your project but do not exist in your local source code:
	api(us-central1)
	createScream(us-central1)

If you are renaming a function or changing its region, it is recommended that you create the new function first before deleting the old one to prevent event loss. For more info, visit https://firebase.google.com/docs/functions/manage-functions#modify

[info] i  functions: deleting function api(us-central1)...
[info] i  functions: deleting function createScream(us-central1)...
[debug] [2019-08-10T09:57:06.171Z] >>> HTTP REQUEST GET https://serviceusage.googleapis.com/v1/projects/social-44/services/cloudscheduler.googleapis.com  
 
[debug] [2019-08-10T09:57:07.004Z] <<< HTTP RESPONSE 200
[debug] [2019-08-10T09:57:07.008Z] >>> HTTP REQUEST POST https://cloudfunctions.googleapis.com/v1/projects/social-44/locations/europe-west1/functions  

[debug] [2019-08-10T09:57:07.011Z] >>> HTTP REQUEST DELETE https://cloudfunctions.googleapis.com/v1/projects/social-44/locations/us-central1/functions/api  
 
[debug] [2019-08-10T09:57:07.012Z] >>> HTTP REQUEST DELETE https://cloudfunctions.googleapis.com/v1/projects/social-44/locations/us-central1/functions/createScream  
 
[debug] [2019-08-10T09:57:07.263Z] <<< HTTP RESPONSE 200
[debug] [2019-08-10T09:57:07.491Z] <<< HTTP RESPONSE 200
[debug] [2019-08-10T09:57:07.494Z] <<< HTTP RESPONSE 200
[debug] [2019-08-10T09:57:07.497Z] >>> HTTP REQUEST GET https://cloudfunctions.googleapis.com/v1/projects/social-44/locations/-/functions  
 
[debug] [2019-08-10T09:57:07.907Z] <<< HTTP RESPONSE 200
[debug] [2019-08-10T09:57:07.911Z] >>> HTTP REQUEST GET https://cloudfunctions.googleapis.com/v1/operations/c29jaWFsLTQ0L2V1cm9wZS13ZXN0MS9hcGkvSmExVTNnWjF0ckU  
 
[debug] [2019-08-10T09:57:07.912Z] >>> HTTP REQUEST GET https://cloudfunctions.googleapis.com/v1/operations/c29jaWFsLTQ0L3VzLWNlbnRyYWwxL2FwaS9ZSE9sTlJUTjM3RQ  
 
[debug] [2019-08-10T09:57:07.912Z] >>> HTTP REQUEST GET https://cloudfunctions.googleapis.com/v1/operations/c29jaWFsLTQ0L3VzLWNlbnRyYWwxL2NyZWF0ZVNjcmVhbS9nNUFhb0IxelZ1NA  
 
[debug] [2019-08-10T09:57:08.020Z] <<< HTTP RESPONSE 200
[debug] [2019-08-10T09:57:08.148Z] <<< HTTP RESPONSE 200
[debug] [2019-08-10T09:57:08.158Z] <<< HTTP RESPONSE 200
[debug] [2019-08-10T09:57:10.023Z] >>> HTTP REQUEST GET https://cloudfunctions.googleapis.com/v1/operations/c29jaWFsLTQ0L2V1cm9wZS13ZXN0MS9hcGkvSmExVTNnWjF0ckU  
 
[debug] [2019-08-10T09:57:10.118Z] <<< HTTP RESPONSE 200
[debug] [2019-08-10T09:57:10.150Z] >>> HTTP REQUEST GET https://cloudfunctions.googleapis.com/v1/operations/c29jaWFsLTQ0L3VzLWNlbnRyYWwxL2FwaS9ZSE9sTlJUTjM3RQ  
 
[debug] [2019-08-10T09:57:10.164Z] >>> HTTP REQUEST GET https://cloudfunctions.googleapis.com/v1/operations/c29jaWFsLTQ0L3VzLWNlbnRyYWwxL2NyZWF0ZVNjcmVhbS9nNUFhb0IxelZ1NA  
 
[debug] [2019-08-10T09:57:10.382Z] <<< HTTP RESPONSE 200
[debug] [2019-08-10T09:57:10.398Z] <<< HTTP RESPONSE 200
[debug] [2019-08-10T09:57:12.120Z] >>> HTTP REQUEST GET https://cloudfunctions.googleapis.com/v1/operations/c29jaWFsLTQ0L2V1cm9wZS13ZXN0MS9hcGkvSmExVTNnWjF0ckU  
 
[debug] [2019-08-10T09:57:12.237Z] <<< HTTP RESPONSE 200
[debug] [2019-08-10T09:57:12.386Z] >>> HTTP REQUEST GET https://cloudfunctions.googleapis.com/v1/operations/c29jaWFsLTQ0L3VzLWNlbnRyYWwxL2FwaS9ZSE9sTlJUTjM3RQ  
 
[debug] [2019-08-10T09:57:12.405Z] >>> HTTP REQUEST GET https://cloudfunctions.googleapis.com/v1/operations/c29jaWFsLTQ0L3VzLWNlbnRyYWwxL2NyZWF0ZVNjcmVhbS9nNUFhb0IxelZ1NA  
 
[debug] [2019-08-10T09:57:12.611Z] <<< HTTP RESPONSE 200
[debug] [2019-08-10T09:57:12.622Z] <<< HTTP RESPONSE 200
[debug] [2019-08-10T09:57:14.243Z] >>> HTTP REQUEST GET https://cloudfunctions.googleapis.com/v1/operations/c29jaWFsLTQ0L2V1cm9wZS13ZXN0MS9hcGkvSmExVTNnWjF0ckU  
 
[debug] [2019-08-10T09:57:14.351Z] <<< HTTP RESPONSE 200
[debug] [2019-08-10T09:57:14.613Z] >>> HTTP REQUEST GET https://cloudfunctions.googleapis.com/v1/operations/c29jaWFsLTQ0L3VzLWNlbnRyYWwxL2FwaS9ZSE9sTlJUTjM3RQ  
 
[debug] [2019-08-10T09:57:14.628Z] >>> HTTP REQUEST GET https://cloudfunctions.googleapis.com/v1/operations/c29jaWFsLTQ0L3VzLWNlbnRyYWwxL2NyZWF0ZVNjcmVhbS9nNUFhb0IxelZ1NA  
 
[debug] [2019-08-10T09:57:14.838Z] <<< HTTP RESPONSE 200
[info] +  functions[api(us-central1)]: Successful delete operation. 
[debug] [2019-08-10T09:57:14.854Z] <<< HTTP RESPONSE 200
[info] +  functions[createScream(us-central1)]: Successful delete operation. 
[debug] [2019-08-10T09:57:16.355Z] >>> HTTP REQUEST GET https://cloudfunctions.googleapis.com/v1/operations/c29jaWFsLTQ0L2V1cm9wZS13ZXN0MS9hcGkvSmExVTNnWjF0ckU  
 
[debug] [2019-08-10T09:57:16.467Z] <<< HTTP RESPONSE 200
[debug] [2019-08-10T09:57:18.471Z] >>> HTTP REQUEST GET https://cloudfunctions.googleapis.com/v1/operations/c29jaWFsLTQ0L2V1cm9wZS13ZXN0MS9hcGkvSmExVTNnWjF0ckU  
 
[debug] [2019-08-10T09:57:18.566Z] <<< HTTP RESPONSE 200
[debug] [2019-08-10T09:57:20.571Z] >>> HTTP REQUEST GET https://cloudfunctions.googleapis.com/v1/operations/c29jaWFsLTQ0L2V1cm9wZS13ZXN0MS9hcGkvSmExVTNnWjF0ckU  
 
[debug] [2019-08-10T09:57:20.675Z] <<< HTTP RESPONSE 200
[debug] [2019-08-10T09:57:22.677Z] >>> HTTP REQUEST GET https://cloudfunctions.googleapis.com/v1/operations/c29jaWFsLTQ0L2V1cm9wZS13ZXN0MS9hcGkvSmExVTNnWjF0ckU  
 
[debug] [2019-08-10T09:57:22.805Z] <<< HTTP RESPONSE 200
[debug] [2019-08-10T09:57:24.807Z] >>> HTTP REQUEST GET https://cloudfunctions.googleapis.com/v1/operations/c29jaWFsLTQ0L2V1cm9wZS13ZXN0MS9hcGkvSmExVTNnWjF0ckU  
 
[debug] [2019-08-10T09:57:24.902Z] <<< HTTP RESPONSE 200
[debug] [2019-08-10T09:57:26.906Z] >>> HTTP REQUEST GET https://cloudfunctions.googleapis.com/v1/operations/c29jaWFsLTQ0L2V1cm9wZS13ZXN0MS9hcGkvSmExVTNnWjF0ckU  
 
[debug] [2019-08-10T09:57:27.010Z] <<< HTTP RESPONSE 200
[debug] [2019-08-10T09:57:29.012Z] >>> HTTP REQUEST GET https://cloudfunctions.googleapis.com/v1/operations/c29jaWFsLTQ0L2V1cm9wZS13ZXN0MS9hcGkvSmExVTNnWjF0ckU  
 
[debug] [2019-08-10T09:57:29.122Z] <<< HTTP RESPONSE 200
[debug] [2019-08-10T09:57:31.126Z] >>> HTTP REQUEST GET https://cloudfunctions.googleapis.com/v1/operations/c29jaWFsLTQ0L2V1cm9wZS13ZXN0MS9hcGkvSmExVTNnWjF0ckU  
 
[debug] [2019-08-10T09:57:31.240Z] <<< HTTP RESPONSE 200
[debug] [2019-08-10T09:57:33.246Z] >>> HTTP REQUEST GET https://cloudfunctions.googleapis.com/v1/operations/c29jaWFsLTQ0L2V1cm9wZS13ZXN0MS9hcGkvSmExVTNnWjF0ckU  
 
[debug] [2019-08-10T09:57:33.359Z] <<< HTTP RESPONSE 200
[debug] [2019-08-10T09:57:35.362Z] >>> HTTP REQUEST GET https://cloudfunctions.googleapis.com/v1/operations/c29jaWFsLTQ0L2V1cm9wZS13ZXN0MS9hcGkvSmExVTNnWjF0ckU  
 
[debug] [2019-08-10T09:57:35.465Z] <<< HTTP RESPONSE 200
[debug] [2019-08-10T09:57:37.469Z] >>> HTTP REQUEST GET https://cloudfunctions.googleapis.com/v1/operations/c29jaWFsLTQ0L2V1cm9wZS13ZXN0MS9hcGkvSmExVTNnWjF0ckU  
 
[debug] [2019-08-10T09:57:37.570Z] <<< HTTP RESPONSE 200
[debug] [2019-08-10T09:57:39.574Z] >>> HTTP REQUEST GET https://cloudfunctions.googleapis.com/v1/operations/c29jaWFsLTQ0L2V1cm9wZS13ZXN0MS9hcGkvSmExVTNnWjF0ckU  
 
[debug] [2019-08-10T09:57:39.684Z] <<< HTTP RESPONSE 200
[debug] [2019-08-10T09:57:41.692Z] >>> HTTP REQUEST GET https://cloudfunctions.googleapis.com/v1/operations/c29jaWFsLTQ0L2V1cm9wZS13ZXN0MS9hcGkvSmExVTNnWjF0ckU  
 
[debug] [2019-08-10T09:57:41.786Z] <<< HTTP RESPONSE 200
[debug] [2019-08-10T09:57:43.789Z] >>> HTTP REQUEST GET https://cloudfunctions.googleapis.com/v1/operations/c29jaWFsLTQ0L2V1cm9wZS13ZXN0MS9hcGkvSmExVTNnWjF0ckU  
 
[debug] [2019-08-10T09:57:43.864Z] <<< HTTP RESPONSE 200
[debug] [2019-08-10T09:57:45.872Z] >>> HTTP REQUEST GET https://cloudfunctions.googleapis.com/v1/operations/c29jaWFsLTQ0L2V1cm9wZS13ZXN0MS9hcGkvSmExVTNnWjF0ckU  
 
[debug] [2019-08-10T09:57:45.985Z] <<< HTTP RESPONSE 200
[debug] [2019-08-10T09:57:47.990Z] >>> HTTP REQUEST GET https://cloudfunctions.googleapis.com/v1/operations/c29jaWFsLTQ0L2V1cm9wZS13ZXN0MS9hcGkvSmExVTNnWjF0ckU  
 
[debug] [2019-08-10T09:57:48.086Z] <<< HTTP RESPONSE 200
[debug] [2019-08-10T09:57:50.089Z] >>> HTTP REQUEST GET https://cloudfunctions.googleapis.com/v1/operations/c29jaWFsLTQ0L2V1cm9wZS13ZXN0MS9hcGkvSmExVTNnWjF0ckU  
 
[debug] [2019-08-10T09:57:50.172Z] <<< HTTP RESPONSE 200
[debug] [2019-08-10T09:57:52.175Z] >>> HTTP REQUEST GET https://cloudfunctions.googleapis.com/v1/operations/c29jaWFsLTQ0L2V1cm9wZS13ZXN0MS9hcGkvSmExVTNnWjF0ckU  
 
[debug] [2019-08-10T09:57:52.289Z] <<< HTTP RESPONSE 200
[debug] [2019-08-10T09:57:54.293Z] >>> HTTP REQUEST GET https://cloudfunctions.googleapis.com/v1/operations/c29jaWFsLTQ0L2V1cm9wZS13ZXN0MS9hcGkvSmExVTNnWjF0ckU  
 
[debug] [2019-08-10T09:57:54.389Z] <<< HTTP RESPONSE 200
[debug] [2019-08-10T09:57:56.394Z] >>> HTTP REQUEST GET https://cloudfunctions.googleapis.com/v1/operations/c29jaWFsLTQ0L2V1cm9wZS13ZXN0MS9hcGkvSmExVTNnWjF0ckU  
 
[debug] [2019-08-10T09:57:56.504Z] <<< HTTP RESPONSE 200
[debug] [2019-08-10T09:57:58.512Z] >>> HTTP REQUEST GET https://cloudfunctions.googleapis.com/v1/operations/c29jaWFsLTQ0L2V1cm9wZS13ZXN0MS9hcGkvSmExVTNnWjF0ckU  
 
[debug] [2019-08-10T09:57:58.627Z] <<< HTTP RESPONSE 200
[debug] [2019-08-10T09:58:00.629Z] >>> HTTP REQUEST GET https://cloudfunctions.googleapis.com/v1/operations/c29jaWFsLTQ0L2V1cm9wZS13ZXN0MS9hcGkvSmExVTNnWjF0ckU  
 
[debug] [2019-08-10T09:58:00.716Z] <<< HTTP RESPONSE 200
[debug] [2019-08-10T09:58:02.721Z] >>> HTTP REQUEST GET https://cloudfunctions.googleapis.com/v1/operations/c29jaWFsLTQ0L2V1cm9wZS13ZXN0MS9hcGkvSmExVTNnWjF0ckU  
 
[debug] [2019-08-10T09:58:02.873Z] <<< HTTP RESPONSE 200
[debug] [2019-08-10T09:58:13.067Z] ----------------------------------------------------------------------
[debug] [2019-08-10T09:58:13.069Z] Command:       C:\Program Files\nodejs\node.exe C:\Users\joshd\AppData\Roaming\npm\node_modules\firebase-tools\lib\bin\firebase.js serve
[debug] [2019-08-10T09:58:13.070Z] CLI Version:   7.2.2
[debug] [2019-08-10T09:58:13.070Z] Platform:      win32
[debug] [2019-08-10T09:58:13.070Z] Node Version:  v10.16.2
[debug] [2019-08-10T09:58:13.071Z] Time:          Sat Aug 10 2019 10:58:13 GMT+0100 (British Summer Time)
[debug] [2019-08-10T09:58:13.071Z] ----------------------------------------------------------------------
[debug] 
[debug] [2019-08-10T09:58:13.079Z] > command requires scopes: ["email","openid","https://www.googleapis.com/auth/cloudplatformprojects.readonly","https://www.googleapis.com/auth/firebase","https://www.googleapis.com/auth/cloud-platform"]
[debug] [2019-08-10T09:58:13.080Z] > authorizing via signed-in user
[debug] [2019-08-10T09:58:13.080Z] [iam] checking project social-44 for permissions ["firebase.projects.get"]
[debug] [2019-08-10T09:58:13.082Z] >>> HTTP REQUEST POST https://cloudresourcemanager.googleapis.com/v1/projects/social-44:testIamPermissions  

[debug] [2019-08-10T09:58:13.984Z] <<< HTTP RESPONSE 200
[debug] [2019-08-10T09:58:13.991Z] >>> HTTP REQUEST GET https://firebase.googleapis.com/v1beta1/projects/social-44  
 
[debug] [2019-08-10T09:58:14.225Z] <<< HTTP RESPONSE 200
[info] 
[info] === Serving from 'C:\Users\joshd\OneDrive\All Documents\Coding\React\social-4444'...
[info] 
[warn] !  Your requested "node" version "8" doesn't match your global version "10"
[debug] [2019-08-10T09:58:14.286Z] >>> HTTP REQUEST GET https://firebase.googleapis.com/v1beta1/projects/social-44/adminSdkConfig  
 
[debug] [2019-08-10T09:58:14.485Z] <<< HTTP RESPONSE 200
[info] +  functions: Emulator started at http://localhost:5000
[info] i  functions: Watching "C:\Users\joshd\OneDrive\All Documents\Coding\React\social-4444\functions" for Cloud Functions...
[debug] [2019-08-10T09:58:15.413Z] [runtime-status] Functions runtime initialized. {"cwd":"C:\\Users\\joshd\\OneDrive\\All Documents\\Coding\\React\\social-4444\\functions","node_version":"10.16.2"}
[debug] [2019-08-10T09:58:15.414Z] [runtime-status] Disabled runtime features: {"functions_config_helper":true,"network_filtering":true,"timeout":true,"memory_limiting":true,"admin_stubs":true} {}
[debug] [2019-08-10T09:58:15.417Z] [runtime-status] Resolved module firebase-admin {"declared":true,"installed":true,"version":"8.3.0","resolution":"C:\\Users\\joshd\\OneDrive\\All Documents\\Coding\\React\\social-4444\\functions\\node_modules\\firebase-admin\\lib\\index.js"}
[debug] [2019-08-10T09:58:15.418Z] [runtime-status] Resolved module firebase-functions {"declared":true,"installed":true,"version":"3.2.0","resolution":"C:\\Users\\joshd\\OneDrive\\All Documents\\Coding\\React\\social-4444\\functions\\node_modules\\firebase-functions\\lib\\index.js"}
[debug] [2019-08-10T09:58:15.419Z] [runtime-status] Resolved module firebase-functions {"declared":true,"installed":true,"version":"3.2.0","resolution":"C:\\Users\\joshd\\OneDrive\\All Documents\\Coding\\React\\social-4444\\functions\\node_modules\\firebase-functions\\lib\\index.js"}
[info] +  functions[api]: http function initialized (http://localhost:5000/social-44/europe-west1/api).
[debug] [2019-08-10T10:00:08.304Z] Accepted request POST /social-44/europe-west1/api/signup --> api
[debug] [2019-08-10T10:00:09.103Z] [runtime-status] Functions runtime initialized. {"cwd":"C:\\Users\\joshd\\OneDrive\\All Documents\\Coding\\React\\social-4444\\functions","node_version":"10.16.2"}
[info] i  functions: Beginning execution of "api"
[debug] [2019-08-10T10:00:09.104Z] [runtime-status] Disabled runtime features: {"functions_config_helper":true,"network_filtering":true,"timeout":true,"memory_limiting":true,"admin_stubs":true} {}
[debug] [2019-08-10T10:00:09.108Z] [runtime-status] Resolved module firebase-admin {"declared":true,"installed":true,"version":"8.3.0","resolution":"C:\\Users\\joshd\\OneDrive\\All Documents\\Coding\\React\\social-4444\\functions\\node_modules\\firebase-admin\\lib\\index.js"}
[debug] [2019-08-10T10:00:09.110Z] [runtime-status] Resolved module firebase-functions {"declared":true,"installed":true,"version":"3.2.0","resolution":"C:\\Users\\joshd\\OneDrive\\All Documents\\Coding\\React\\social-4444\\functions\\node_modules\\firebase-functions\\lib\\index.js"}
[debug] [2019-08-10T10:00:09.112Z] [runtime-status] Resolved module firebase-functions {"declared":true,"installed":true,"version":"3.2.0","resolution":"C:\\Users\\joshd\\OneDrive\\All Documents\\Coding\\React\\social-4444\\functions\\node_modules\\firebase-functions\\lib\\index.js"}
[debug] [2019-08-10T10:00:10.028Z] [runtime-status] Trigger "api" has been found, beginning invocation! {}
[debug] [2019-08-10T10:00:10.028Z] [runtime-status]  {"regions":["europe-west1"],"httpsTrigger":{},"name":"api","entryPoint":"api"}
[debug] [2019-08-10T10:00:10.028Z] [runtime-status] Running api in mode HTTPS {}
[debug] [2019-08-10T10:00:10.038Z] {"socketPath":"\\\\?\\pipe\\C:\\Users\\joshd\\OneDrive\\All Documents\\Coding\\React\\social-4444\\functions\\6292"}
[debug] [2019-08-10T10:00:10.042Z] [functions] Runtime ready! Sending request! {"socketPath":"\\\\?\\pipe\\C:\\Users\\joshd\\OneDrive\\All Documents\\Coding\\React\\social-4444\\functions\\6292"}
[debug] [2019-08-10T10:00:10.084Z] [runtime-status] Ephemeral server used! {}
[debug] [2019-08-10T10:00:10.089Z] [runtime-status] Ephemeral server survived. {}
[info] >  Error: Your API key is invalid, please check you have copied it correctly.
[info] i  functions: Finished "api" in ~1s
[debug] [2019-08-10T10:00:43.672Z] File C:\Users\joshd\OneDrive\All Documents\Coding\React\social-4444\functions\index.js changed, reloading triggers
[debug] [2019-08-10T10:00:45.326Z] [runtime-status] Functions runtime initialized. {"cwd":"C:\\Users\\joshd\\OneDrive\\All Documents\\Coding\\React\\social-4444\\functions","node_version":"10.16.2"}
[debug] [2019-08-10T10:00:45.326Z] [runtime-status] Disabled runtime features: {"functions_config_helper":true,"network_filtering":true,"timeout":true,"memory_limiting":true,"admin_stubs":true} {}
[debug] [2019-08-10T10:00:45.330Z] [runtime-status] Resolved module firebase-admin {"declared":true,"installed":true,"version":"8.3.0","resolution":"C:\\Users\\joshd\\OneDrive\\All Documents\\Coding\\React\\social-4444\\functions\\node_modules\\firebase-admin\\lib\\index.js"}
[debug] [2019-08-10T10:00:45.331Z] [runtime-status] Resolved module firebase-functions {"declared":true,"installed":true,"version":"3.2.0","resolution":"C:\\Users\\joshd\\OneDrive\\All Documents\\Coding\\React\\social-4444\\functions\\node_modules\\firebase-functions\\lib\\index.js"}
[debug] [2019-08-10T10:00:45.332Z] [runtime-status] Resolved module firebase-functions {"declared":true,"installed":true,"version":"3.2.0","resolution":"C:\\Users\\joshd\\OneDrive\\All Documents\\Coding\\React\\social-4444\\functions\\node_modules\\firebase-functions\\lib\\index.js"}
[debug] [2019-08-10T10:01:08.422Z] File C:\Users\joshd\OneDrive\All Documents\Coding\React\social-4444\functions\index.js changed, reloading triggers
[debug] [2019-08-10T10:01:10.111Z] [runtime-status] Functions runtime initialized. {"cwd":"C:\\Users\\joshd\\OneDrive\\All Documents\\Coding\\React\\social-4444\\functions","node_version":"10.16.2"}
[debug] [2019-08-10T10:01:10.111Z] [runtime-status] Disabled runtime features: {"functions_config_helper":true,"network_filtering":true,"timeout":true,"memory_limiting":true,"admin_stubs":true} {}
[debug] [2019-08-10T10:01:10.115Z] [runtime-status] Resolved module firebase-admin {"declared":true,"installed":true,"version":"8.3.0","resolution":"C:\\Users\\joshd\\OneDrive\\All Documents\\Coding\\React\\social-4444\\functions\\node_modules\\firebase-admin\\lib\\index.js"}
[debug] [2019-08-10T10:01:10.116Z] [runtime-status] Resolved module firebase-functions {"declared":true,"installed":true,"version":"3.2.0","resolution":"C:\\Users\\joshd\\OneDrive\\All Documents\\Coding\\React\\social-4444\\functions\\node_modules\\firebase-functions\\lib\\index.js"}
[debug] [2019-08-10T10:01:10.117Z] [runtime-status] Resolved module firebase-functions {"declared":true,"installed":true,"version":"3.2.0","resolution":"C:\\Users\\joshd\\OneDrive\\All Documents\\Coding\\React\\social-4444\\functions\\node_modules\\firebase-functions\\lib\\index.js"}
[debug] [2019-08-10T10:01:21.746Z] Accepted request POST /social-44/europe-west1/api/signup --> api
[debug] [2019-08-10T10:01:22.307Z] [runtime-status] Functions runtime initialized. {"cwd":"C:\\Users\\joshd\\OneDrive\\All Documents\\Coding\\React\\social-4444\\functions","node_version":"10.16.2"}
[info] i  functions: Beginning execution of "api"
[debug] [2019-08-10T10:01:22.307Z] [runtime-status] Disabled runtime features: {"functions_config_helper":true,"network_filtering":true,"timeout":true,"memory_limiting":true,"admin_stubs":true} {}
[debug] [2019-08-10T10:01:22.311Z] [runtime-status] Resolved module firebase-admin {"declared":true,"installed":true,"version":"8.3.0","resolution":"C:\\Users\\joshd\\OneDrive\\All Documents\\Coding\\React\\social-4444\\functions\\node_modules\\firebase-admin\\lib\\index.js"}
[debug] [2019-08-10T10:01:22.313Z] [runtime-status] Resolved module firebase-functions {"declared":true,"installed":true,"version":"3.2.0","resolution":"C:\\Users\\joshd\\OneDrive\\All Documents\\Coding\\React\\social-4444\\functions\\node_modules\\firebase-functions\\lib\\index.js"}
[debug] [2019-08-10T10:01:22.314Z] [runtime-status] Resolved module firebase-functions {"declared":true,"installed":true,"version":"3.2.0","resolution":"C:\\Users\\joshd\\OneDrive\\All Documents\\Coding\\React\\social-4444\\functions\\node_modules\\firebase-functions\\lib\\index.js"}
[debug] [2019-08-10T10:01:23.247Z] [runtime-status] Trigger "api" has been found, beginning invocation! {}
[debug] [2019-08-10T10:01:23.247Z] [runtime-status]  {"regions":["europe-west1"],"httpsTrigger":{},"name":"api","entryPoint":"api"}
[debug] [2019-08-10T10:01:23.247Z] [runtime-status] Running api in mode HTTPS {}
[debug] [2019-08-10T10:01:23.262Z] {"socketPath":"\\\\?\\pipe\\C:\\Users\\joshd\\OneDrive\\All Documents\\Coding\\React\\social-4444\\functions\\8768"}
[debug] [2019-08-10T10:01:23.264Z] [functions] Runtime ready! Sending request! {"socketPath":"\\\\?\\pipe\\C:\\Users\\joshd\\OneDrive\\All Documents\\Coding\\React\\social-4444\\functions\\8768"}
[debug] [2019-08-10T10:01:23.299Z] [runtime-status] Ephemeral server used! {}
[debug] [2019-08-10T10:01:23.304Z] [runtime-status] Ephemeral server survived. {}
[info] >  Error: Your API key is invalid, please check you have copied it correctly.
[info] i  functions: Finished "api" in ~1s
[debug] [2019-08-10T10:02:13.641Z] File C:\Users\joshd\OneDrive\All Documents\Coding\React\social-4444\functions\index.js changed, reloading triggers
[debug] [2019-08-10T10:02:16.098Z] [runtime-status] Functions runtime initialized. {"cwd":"C:\\Users\\joshd\\OneDrive\\All Documents\\Coding\\React\\social-4444\\functions","node_version":"10.16.2"}
[debug] [2019-08-10T10:02:16.098Z] [runtime-status] Disabled runtime features: {"functions_config_helper":true,"network_filtering":true,"timeout":true,"memory_limiting":true,"admin_stubs":true} {}
[debug] [2019-08-10T10:02:16.102Z] [runtime-status] Resolved module firebase-admin {"declared":true,"installed":true,"version":"8.3.0","resolution":"C:\\Users\\joshd\\OneDrive\\All Documents\\Coding\\React\\social-4444\\functions\\node_modules\\firebase-admin\\lib\\index.js"}
[debug] [2019-08-10T10:02:16.103Z] [runtime-status] Resolved module firebase-functions {"declared":true,"installed":true,"version":"3.2.0","resolution":"C:\\Users\\joshd\\OneDrive\\All Documents\\Coding\\React\\social-4444\\functions\\node_modules\\firebase-functions\\lib\\index.js"}
[debug] [2019-08-10T10:02:16.104Z] [runtime-status] Resolved module firebase-functions {"declared":true,"installed":true,"version":"3.2.0","resolution":"C:\\Users\\joshd\\OneDrive\\All Documents\\Coding\\React\\social-4444\\functions\\node_modules\\firebase-functions\\lib\\index.js"}
[debug] [2019-08-10T10:02:17.067Z] Accepted request POST /social-44/europe-west1/api/signup --> api
[debug] [2019-08-10T10:02:17.635Z] [runtime-status] Functions runtime initialized. {"cwd":"C:\\Users\\joshd\\OneDrive\\All Documents\\Coding\\React\\social-4444\\functions","node_version":"10.16.2"}
[info] i  functions: Beginning execution of "api"
[debug] [2019-08-10T10:02:17.636Z] [runtime-status] Disabled runtime features: {"functions_config_helper":true,"network_filtering":true,"timeout":true,"memory_limiting":true,"admin_stubs":true} {}
[debug] [2019-08-10T10:02:17.640Z] [runtime-status] Resolved module firebase-admin {"declared":true,"installed":true,"version":"8.3.0","resolution":"C:\\Users\\joshd\\OneDrive\\All Documents\\Coding\\React\\social-4444\\functions\\node_modules\\firebase-admin\\lib\\index.js"}
[debug] [2019-08-10T10:02:17.641Z] [runtime-status] Resolved module firebase-functions {"declared":true,"installed":true,"version":"3.2.0","resolution":"C:\\Users\\joshd\\OneDrive\\All Documents\\Coding\\React\\social-4444\\functions\\node_modules\\firebase-functions\\lib\\index.js"}
[debug] [2019-08-10T10:02:17.642Z] [runtime-status] Resolved module firebase-functions {"declared":true,"installed":true,"version":"3.2.0","resolution":"C:\\Users\\joshd\\OneDrive\\All Documents\\Coding\\React\\social-4444\\functions\\node_modules\\firebase-functions\\lib\\index.js"}
[debug] [2019-08-10T10:02:18.276Z] [runtime-status] Trigger "api" has been found, beginning invocation! {}
[debug] [2019-08-10T10:02:18.276Z] [runtime-status]  {"regions":["europe-west1"],"httpsTrigger":{},"name":"api","entryPoint":"api"}
[debug] [2019-08-10T10:02:18.276Z] [runtime-status] Running api in mode HTTPS {}
[debug] [2019-08-10T10:02:18.283Z] {"socketPath":"\\\\?\\pipe\\C:\\Users\\joshd\\OneDrive\\All Documents\\Coding\\React\\social-4444\\functions\\7632"}
[debug] [2019-08-10T10:02:18.284Z] [functions] Runtime ready! Sending request! {"socketPath":"\\\\?\\pipe\\C:\\Users\\joshd\\OneDrive\\All Documents\\Coding\\React\\social-4444\\functions\\7632"}
[debug] [2019-08-10T10:02:18.310Z] [runtime-status] Ephemeral server used! {}
[debug] [2019-08-10T10:02:18.334Z] [runtime-status] Ephemeral server survived. {}
[info] >  ReferenceError: Data is not defined
[info] >      at firebase.auth.createUserWithEmailAndPassword.then.data (C:\Users\joshd\OneDrive\All Documents\Coding\React\social-4444\functions\index.js:79:34)
[info] >      at e.g (C:\Users\joshd\OneDrive\All Documents\Coding\React\social-4444\functions\node_modules\@firebase\auth\dist\auth.js:26:101)
[info] >      at kc (C:\Users\joshd\OneDrive\All Documents\Coding\React\social-4444\functions\node_modules\@firebase\auth\dist\auth.js:29:195)
[info] >      at gc (C:\Users\joshd\OneDrive\All Documents\Coding\React\social-4444\functions\node_modules\@firebase\auth\dist\auth.js:29:85)
[info] >      at B.k.Ub (C:\Users\joshd\OneDrive\All Documents\Coding\React\social-4444\functions\node_modules\@firebase\auth\dist\auth.js:28:303)
[info] >      at Qb (C:\Users\joshd\OneDrive\All Documents\Coding\React\social-4444\functions\node_modules\@firebase\auth\dist\auth.js:22:586)
[info] >      at process._tickCallback (internal/process/next_tick.js:68:7)
[info] i  functions: Finished "api" in ~1s
[debug] [2019-08-10T10:02:46.131Z] Accepted request POST /social-44/europe-west1/api/signup --> api
[debug] [2019-08-10T10:02:47.079Z] [runtime-status] Functions runtime initialized. {"cwd":"C:\\Users\\joshd\\OneDrive\\All Documents\\Coding\\React\\social-4444\\functions","node_version":"10.16.2"}
[info] i  functions: Beginning execution of "api"
[debug] [2019-08-10T10:02:47.080Z] [runtime-status] Disabled runtime features: {"functions_config_helper":true,"network_filtering":true,"timeout":true,"memory_limiting":true,"admin_stubs":true} {}
[debug] [2019-08-10T10:02:47.085Z] [runtime-status] Resolved module firebase-admin {"declared":true,"installed":true,"version":"8.3.0","resolution":"C:\\Users\\joshd\\OneDrive\\All Documents\\Coding\\React\\social-4444\\functions\\node_modules\\firebase-admin\\lib\\index.js"}
[debug] [2019-08-10T10:02:47.088Z] [runtime-status] Resolved module firebase-functions {"declared":true,"installed":true,"version":"3.2.0","resolution":"C:\\Users\\joshd\\OneDrive\\All Documents\\Coding\\React\\social-4444\\functions\\node_modules\\firebase-functions\\lib\\index.js"}
[debug] [2019-08-10T10:02:47.090Z] [runtime-status] Resolved module firebase-functions {"declared":true,"installed":true,"version":"3.2.0","resolution":"C:\\Users\\joshd\\OneDrive\\All Documents\\Coding\\React\\social-4444\\functions\\node_modules\\firebase-functions\\lib\\index.js"}
[debug] [2019-08-10T10:02:48.095Z] [runtime-status] Trigger "api" has been found, beginning invocation! {}
[debug] [2019-08-10T10:02:48.096Z] [runtime-status]  {"regions":["europe-west1"],"httpsTrigger":{},"name":"api","entryPoint":"api"}
[debug] [2019-08-10T10:02:48.096Z] [runtime-status] Running api in mode HTTPS {}
[debug] [2019-08-10T10:02:48.110Z] {"socketPath":"\\\\?\\pipe\\C:\\Users\\joshd\\OneDrive\\All Documents\\Coding\\React\\social-4444\\functions\\9412"}
[debug] [2019-08-10T10:02:48.112Z] [functions] Runtime ready! Sending request! {"socketPath":"\\\\?\\pipe\\C:\\Users\\joshd\\OneDrive\\All Documents\\Coding\\React\\social-4444\\functions\\9412"}
[debug] [2019-08-10T10:02:48.153Z] [runtime-status] Ephemeral server used! {}
[debug] [2019-08-10T10:02:48.197Z] [runtime-status] Ephemeral server survived. {}
[info] >  { [Error: The email address is already in use by another account.]
[info] >    code: 'auth/email-already-in-use',
[info] >    message: 'The email address is already in use by another account.' }
[info] i  functions: Finished "api" in ~1s
[debug] [2019-08-10T10:04:59.698Z] File C:\Users\joshd\OneDrive\All Documents\Coding\React\social-4444\functions\index.js changed, reloading triggers
[debug] [2019-08-10T10:05:01.366Z] [runtime-status] Functions runtime initialized. {"cwd":"C:\\Users\\joshd\\OneDrive\\All Documents\\Coding\\React\\social-4444\\functions","node_version":"10.16.2"}
[debug] [2019-08-10T10:05:01.366Z] [runtime-status] Disabled runtime features: {"functions_config_helper":true,"network_filtering":true,"timeout":true,"memory_limiting":true,"admin_stubs":true} {}
[debug] [2019-08-10T10:05:01.370Z] [runtime-status] Resolved module firebase-admin {"declared":true,"installed":true,"version":"8.3.0","resolution":"C:\\Users\\joshd\\OneDrive\\All Documents\\Coding\\React\\social-4444\\functions\\node_modules\\firebase-admin\\lib\\index.js"}
[debug] [2019-08-10T10:05:01.372Z] [runtime-status] Resolved module firebase-functions {"declared":true,"installed":true,"version":"3.2.0","resolution":"C:\\Users\\joshd\\OneDrive\\All Documents\\Coding\\React\\social-4444\\functions\\node_modules\\firebase-functions\\lib\\index.js"}
[debug] [2019-08-10T10:05:01.373Z] [runtime-status] Resolved module firebase-functions {"declared":true,"installed":true,"version":"3.2.0","resolution":"C:\\Users\\joshd\\OneDrive\\All Documents\\Coding\\React\\social-4444\\functions\\node_modules\\firebase-functions\\lib\\index.js"}
[debug] [2019-08-10T10:05:44.738Z] File C:\Users\joshd\OneDrive\All Documents\Coding\React\social-4444\functions\index.js changed, reloading triggers
[debug] [2019-08-10T10:05:46.400Z] [runtime-status] Functions runtime initialized. {"cwd":"C:\\Users\\joshd\\OneDrive\\All Documents\\Coding\\React\\social-4444\\functions","node_version":"10.16.2"}
[debug] [2019-08-10T10:05:46.400Z] [runtime-status] Disabled runtime features: {"functions_config_helper":true,"network_filtering":true,"timeout":true,"memory_limiting":true,"admin_stubs":true} {}
[debug] [2019-08-10T10:05:46.404Z] [runtime-status] Resolved module firebase-admin {"declared":true,"installed":true,"version":"8.3.0","resolution":"C:\\Users\\joshd\\OneDrive\\All Documents\\Coding\\React\\social-4444\\functions\\node_modules\\firebase-admin\\lib\\index.js"}
[debug] [2019-08-10T10:05:46.405Z] [runtime-status] Resolved module firebase-functions {"declared":true,"installed":true,"version":"3.2.0","resolution":"C:\\Users\\joshd\\OneDrive\\All Documents\\Coding\\React\\social-4444\\functions\\node_modules\\firebase-functions\\lib\\index.js"}
[debug] [2019-08-10T10:05:46.406Z] [runtime-status] Resolved module firebase-functions {"declared":true,"installed":true,"version":"3.2.0","resolution":"C:\\Users\\joshd\\OneDrive\\All Documents\\Coding\\React\\social-4444\\functions\\node_modules\\firebase-functions\\lib\\index.js"}
[debug] [2019-08-10T10:05:57.673Z] File C:\Users\joshd\OneDrive\All Documents\Coding\React\social-4444\functions\index.js changed, reloading triggers
[debug] [2019-08-10T10:05:59.688Z] [runtime-status] Functions runtime initialized. {"cwd":"C:\\Users\\joshd\\OneDrive\\All Documents\\Coding\\React\\social-4444\\functions","node_version":"10.16.2"}
[debug] [2019-08-10T10:05:59.688Z] [runtime-status] Disabled runtime features: {"functions_config_helper":true,"network_filtering":true,"timeout":true,"memory_limiting":true,"admin_stubs":true} {}
[debug] [2019-08-10T10:05:59.697Z] [runtime-status] Resolved module firebase-admin {"declared":true,"installed":true,"version":"8.3.0","resolution":"C:\\Users\\joshd\\OneDrive\\All Documents\\Coding\\React\\social-4444\\functions\\node_modules\\firebase-admin\\lib\\index.js"}
[debug] [2019-08-10T10:05:59.700Z] [runtime-status] Resolved module firebase-functions {"declared":true,"installed":true,"version":"3.2.0","resolution":"C:\\Users\\joshd\\OneDrive\\All Documents\\Coding\\React\\social-4444\\functions\\node_modules\\firebase-functions\\lib\\index.js"}
[debug] [2019-08-10T10:05:59.702Z] [runtime-status] Resolved module firebase-functions {"declared":true,"installed":true,"version":"3.2.0","resolution":"C:\\Users\\joshd\\OneDrive\\All Documents\\Coding\\React\\social-4444\\functions\\node_modules\\firebase-functions\\lib\\index.js"}
[debug] [2019-08-10T10:06:10.647Z] Accepted request POST /social-44/europe-west1/api/signup --> api
[debug] [2019-08-10T10:06:11.544Z] [runtime-status] Functions runtime initialized. {"cwd":"C:\\Users\\joshd\\OneDrive\\All Documents\\Coding\\React\\social-4444\\functions","node_version":"10.16.2"}
[info] i  functions: Beginning execution of "api"
[debug] [2019-08-10T10:06:11.546Z] [runtime-status] Disabled runtime features: {"functions_config_helper":true,"network_filtering":true,"timeout":true,"memory_limiting":true,"admin_stubs":true} {}
[debug] [2019-08-10T10:06:11.552Z] [runtime-status] Resolved module firebase-admin {"declared":true,"installed":true,"version":"8.3.0","resolution":"C:\\Users\\joshd\\OneDrive\\All Documents\\Coding\\React\\social-4444\\functions\\node_modules\\firebase-admin\\lib\\index.js"}
[debug] [2019-08-10T10:06:11.554Z] [runtime-status] Resolved module firebase-functions {"declared":true,"installed":true,"version":"3.2.0","resolution":"C:\\Users\\joshd\\OneDrive\\All Documents\\Coding\\React\\social-4444\\functions\\node_modules\\firebase-functions\\lib\\index.js"}
[debug] [2019-08-10T10:06:11.555Z] [runtime-status] Resolved module firebase-functions {"declared":true,"installed":true,"version":"3.2.0","resolution":"C:\\Users\\joshd\\OneDrive\\All Documents\\Coding\\React\\social-4444\\functions\\node_modules\\firebase-functions\\lib\\index.js"}
[debug] [2019-08-10T10:06:12.509Z] [runtime-status] Trigger "api" has been found, beginning invocation! {}
[debug] [2019-08-10T10:06:12.509Z] [runtime-status]  {"regions":["europe-west1"],"httpsTrigger":{},"name":"api","entryPoint":"api"}
[debug] [2019-08-10T10:06:12.509Z] [runtime-status] Running api in mode HTTPS {}
[debug] [2019-08-10T10:06:12.522Z] {"socketPath":"\\\\?\\pipe\\C:\\Users\\joshd\\OneDrive\\All Documents\\Coding\\React\\social-4444\\functions\\3720"}
[debug] [2019-08-10T10:06:12.524Z] [functions] Runtime ready! Sending request! {"socketPath":"\\\\?\\pipe\\C:\\Users\\joshd\\OneDrive\\All Documents\\Coding\\React\\social-4444\\functions\\3720"}
[debug] [2019-08-10T10:06:12.558Z] [runtime-status] Ephemeral server used! {}
[debug] [2019-08-10T10:06:12.600Z] [runtime-status] Ephemeral server survived. {}
[info] i  functions: Finished "api" in ~1s
[debug] [2019-08-10T10:14:49.642Z] File C:\Users\joshd\OneDrive\All Documents\Coding\React\social-4444\functions\index.js changed, reloading triggers
[debug] [2019-08-10T10:14:51.377Z] [runtime-status] Functions runtime initialized. {"cwd":"C:\\Users\\joshd\\OneDrive\\All Documents\\Coding\\React\\social-4444\\functions","node_version":"10.16.2"}
[debug] [2019-08-10T10:14:51.377Z] [runtime-status] Disabled runtime features: {"functions_config_helper":true,"network_filtering":true,"timeout":true,"memory_limiting":true,"admin_stubs":true} {}
[debug] [2019-08-10T10:14:51.382Z] [runtime-status] Resolved module firebase-admin {"declared":true,"installed":true,"version":"8.3.0","resolution":"C:\\Users\\joshd\\OneDrive\\All Documents\\Coding\\React\\social-4444\\functions\\node_modules\\firebase-admin\\lib\\index.js"}
[debug] [2019-08-10T10:14:51.384Z] [runtime-status] Resolved module firebase-functions {"declared":true,"installed":true,"version":"3.2.0","resolution":"C:\\Users\\joshd\\OneDrive\\All Documents\\Coding\\React\\social-4444\\functions\\node_modules\\firebase-functions\\lib\\index.js"}
[debug] [2019-08-10T10:14:51.385Z] [runtime-status] Resolved module firebase-functions {"declared":true,"installed":true,"version":"3.2.0","resolution":"C:\\Users\\joshd\\OneDrive\\All Documents\\Coding\\React\\social-4444\\functions\\node_modules\\firebase-functions\\lib\\index.js"}
[debug] [2019-08-10T10:15:24.690Z] File C:\Users\joshd\OneDrive\All Documents\Coding\React\social-4444\functions\index.js changed, reloading triggers
[debug] [2019-08-10T10:15:26.420Z] [runtime-status] Functions runtime initialized. {"cwd":"C:\\Users\\joshd\\OneDrive\\All Documents\\Coding\\React\\social-4444\\functions","node_version":"10.16.2"}
[debug] [2019-08-10T10:15:26.421Z] [runtime-status] Disabled runtime features: {"functions_config_helper":true,"network_filtering":true,"timeout":true,"memory_limiting":true,"admin_stubs":true} {}
[debug] [2019-08-10T10:15:26.425Z] [runtime-status] Resolved module firebase-admin {"declared":true,"installed":true,"version":"8.3.0","resolution":"C:\\Users\\joshd\\OneDrive\\All Documents\\Coding\\React\\social-4444\\functions\\node_modules\\firebase-admin\\lib\\index.js"}
[debug] [2019-08-10T10:15:26.427Z] [runtime-status] Resolved module firebase-functions {"declared":true,"installed":true,"version":"3.2.0","resolution":"C:\\Users\\joshd\\OneDrive\\All Documents\\Coding\\React\\social-4444\\functions\\node_modules\\firebase-functions\\lib\\index.js"}
[debug] [2019-08-10T10:15:26.428Z] [runtime-status] Resolved module firebase-functions {"declared":true,"installed":true,"version":"3.2.0","resolution":"C:\\Users\\joshd\\OneDrive\\All Documents\\Coding\\React\\social-4444\\functions\\node_modules\\firebase-functions\\lib\\index.js"}
[debug] [2019-08-10T10:16:31.082Z] File C:\Users\joshd\OneDrive\All Documents\Coding\React\social-4444\functions\index.js changed, reloading triggers
[debug] [2019-08-10T10:16:32.830Z] [runtime-status] Functions runtime initialized. {"cwd":"C:\\Users\\joshd\\OneDrive\\All Documents\\Coding\\React\\social-4444\\functions","node_version":"10.16.2"}
[debug] [2019-08-10T10:16:32.830Z] [runtime-status] Disabled runtime features: {"functions_config_helper":true,"network_filtering":true,"timeout":true,"memory_limiting":true,"admin_stubs":true} {}
[debug] [2019-08-10T10:16:32.833Z] [runtime-status] Resolved module firebase-admin {"declared":true,"installed":true,"version":"8.3.0","resolution":"C:\\Users\\joshd\\OneDrive\\All Documents\\Coding\\React\\social-4444\\functions\\node_modules\\firebase-admin\\lib\\index.js"}
[debug] [2019-08-10T10:16:32.835Z] [runtime-status] Resolved module firebase-functions {"declared":true,"installed":true,"version":"3.2.0","resolution":"C:\\Users\\joshd\\OneDrive\\All Documents\\Coding\\React\\social-4444\\functions\\node_modules\\firebase-functions\\lib\\index.js"}
[debug] [2019-08-10T10:16:32.836Z] [runtime-status] Resolved module firebase-functions {"declared":true,"installed":true,"version":"3.2.0","resolution":"C:\\Users\\joshd\\OneDrive\\All Documents\\Coding\\React\\social-4444\\functions\\node_modules\\firebase-functions\\lib\\index.js"}
[debug] [2019-08-10T10:16:48.265Z] Accepted request POST /social-44/europe-west1/api/signup --> api
[debug] [2019-08-10T10:16:49.918Z] [runtime-status] Functions runtime initialized. {"cwd":"C:\\Users\\joshd\\OneDrive\\All Documents\\Coding\\React\\social-4444\\functions","node_version":"10.16.2"}
[info] i  functions: Beginning execution of "api"
[debug] [2019-08-10T10:16:49.919Z] [runtime-status] Disabled runtime features: {"functions_config_helper":true,"network_filtering":true,"timeout":true,"memory_limiting":true,"admin_stubs":true} {}
[debug] [2019-08-10T10:16:49.931Z] [runtime-status] Resolved module firebase-admin {"declared":true,"installed":true,"version":"8.3.0","resolution":"C:\\Users\\joshd\\OneDrive\\All Documents\\Coding\\React\\social-4444\\functions\\node_modules\\firebase-admin\\lib\\index.js"}
[debug] [2019-08-10T10:16:49.936Z] [runtime-status] Resolved module firebase-functions {"declared":true,"installed":true,"version":"3.2.0","resolution":"C:\\Users\\joshd\\OneDrive\\All Documents\\Coding\\React\\social-4444\\functions\\node_modules\\firebase-functions\\lib\\index.js"}
[debug] [2019-08-10T10:16:49.940Z] [runtime-status] Resolved module firebase-functions {"declared":true,"installed":true,"version":"3.2.0","resolution":"C:\\Users\\joshd\\OneDrive\\All Documents\\Coding\\React\\social-4444\\functions\\node_modules\\firebase-functions\\lib\\index.js"}
[debug] [2019-08-10T10:16:51.119Z] [runtime-status] Trigger "api" has been found, beginning invocation! {}
[debug] [2019-08-10T10:16:51.120Z] [runtime-status]  {"regions":["europe-west1"],"httpsTrigger":{},"name":"api","entryPoint":"api"}
[debug] [2019-08-10T10:16:51.120Z] [runtime-status] Running api in mode HTTPS {}
[debug] [2019-08-10T10:16:51.131Z] {"socketPath":"\\\\?\\pipe\\C:\\Users\\joshd\\OneDrive\\All Documents\\Coding\\React\\social-4444\\functions\\6928"}
[debug] [2019-08-10T10:16:51.132Z] [functions] Runtime ready! Sending request! {"socketPath":"\\\\?\\pipe\\C:\\Users\\joshd\\OneDrive\\All Documents\\Coding\\React\\social-4444\\functions\\6928"}
[debug] [2019-08-10T10:16:51.171Z] [runtime-status] Ephemeral server used! {}
[debug] [2019-08-10T10:16:51.174Z] [runtime-status] Ephemeral server survived. {}
[info] >  Error: Value for argument "documentPath" must point to a document, but was "/usersUser 3". Your path does not contain an even number of components.
[info] >      at Firestore.doc (C:\Users\joshd\OneDrive\All Documents\Coding\React\social-4444\functions\node_modules\@google-cloud\firestore\build\src\index.js:416:19)
[info] >      at app.post (C:\Users\joshd\OneDrive\All Documents\Coding\React\social-4444\functions\index.js:71:6)
[info] >      at Layer.handle [as handle_request] (C:\Users\joshd\OneDrive\All Documents\Coding\React\social-4444\functions\node_modules\express\lib\router\layer.js:95:5)
[info] >      at next (C:\Users\joshd\OneDrive\All Documents\Coding\React\social-4444\functions\node_modules\express\lib\router\route.js:137:13)
[info] >      at Route.dispatch (C:\Users\joshd\OneDrive\All Documents\Coding\React\social-4444\functions\node_modules\express\lib\router\route.js:112:3)
[info] >      at Layer.handle [as handle_request] (C:\Users\joshd\OneDrive\All Documents\Coding\React\social-4444\functions\node_modules\express\lib\router\layer.js:95:5)
[info] >      at C:\Users\joshd\OneDrive\All Documents\Coding\React\social-4444\functions\node_modules\express\lib\router\index.js:281:22
[info] >      at Function.process_params (C:\Users\joshd\OneDrive\All Documents\Coding\React\social-4444\functions\node_modules\express\lib\router\index.js:335:12)
[info] >      at next (C:\Users\joshd\OneDrive\All Documents\Coding\React\social-4444\functions\node_modules\express\lib\router\index.js:275:10)
[info] >      at expressInit (C:\Users\joshd\OneDrive\All Documents\Coding\React\social-4444\functions\node_modules\express\lib\middleware\init.js:40:5)
[info] i  functions: Finished "api" in ~1s
[debug] [2019-08-10T10:17:17.744Z] File C:\Users\joshd\OneDrive\All Documents\Coding\React\social-4444\functions\index.js changed, reloading triggers
[debug] [2019-08-10T10:17:19.601Z] [runtime-status] Functions runtime initialized. {"cwd":"C:\\Users\\joshd\\OneDrive\\All Documents\\Coding\\React\\social-4444\\functions","node_version":"10.16.2"}
[debug] [2019-08-10T10:17:19.601Z] [runtime-status] Disabled runtime features: {"functions_config_helper":true,"network_filtering":true,"timeout":true,"memory_limiting":true,"admin_stubs":true} {}
[debug] [2019-08-10T10:17:19.604Z] [runtime-status] Resolved module firebase-admin {"declared":true,"installed":true,"version":"8.3.0","resolution":"C:\\Users\\joshd\\OneDrive\\All Documents\\Coding\\React\\social-4444\\functions\\node_modules\\firebase-admin\\lib\\index.js"}
[debug] [2019-08-10T10:17:19.606Z] [runtime-status] Resolved module firebase-functions {"declared":true,"installed":true,"version":"3.2.0","resolution":"C:\\Users\\joshd\\OneDrive\\All Documents\\Coding\\React\\social-4444\\functions\\node_modules\\firebase-functions\\lib\\index.js"}
[debug] [2019-08-10T10:17:19.607Z] [runtime-status] Resolved module firebase-functions {"declared":true,"installed":true,"version":"3.2.0","resolution":"C:\\Users\\joshd\\OneDrive\\All Documents\\Coding\\React\\social-4444\\functions\\node_modules\\firebase-functions\\lib\\index.js"}
[debug] [2019-08-10T10:17:23.603Z] Accepted request POST /social-44/europe-west1/api/signup --> api
[debug] [2019-08-10T10:17:24.375Z] [runtime-status] Functions runtime initialized. {"cwd":"C:\\Users\\joshd\\OneDrive\\All Documents\\Coding\\React\\social-4444\\functions","node_version":"10.16.2"}
[info] i  functions: Beginning execution of "api"
[debug] [2019-08-10T10:17:24.376Z] [runtime-status] Disabled runtime features: {"functions_config_helper":true,"network_filtering":true,"timeout":true,"memory_limiting":true,"admin_stubs":true} {}
[debug] [2019-08-10T10:17:24.379Z] [runtime-status] Resolved module firebase-admin {"declared":true,"installed":true,"version":"8.3.0","resolution":"C:\\Users\\joshd\\OneDrive\\All Documents\\Coding\\React\\social-4444\\functions\\node_modules\\firebase-admin\\lib\\index.js"}
[debug] [2019-08-10T10:17:24.381Z] [runtime-status] Resolved module firebase-functions {"declared":true,"installed":true,"version":"3.2.0","resolution":"C:\\Users\\joshd\\OneDrive\\All Documents\\Coding\\React\\social-4444\\functions\\node_modules\\firebase-functions\\lib\\index.js"}
[debug] [2019-08-10T10:17:24.381Z] [runtime-status] Resolved module firebase-functions {"declared":true,"installed":true,"version":"3.2.0","resolution":"C:\\Users\\joshd\\OneDrive\\All Documents\\Coding\\React\\social-4444\\functions\\node_modules\\firebase-functions\\lib\\index.js"}
[debug] [2019-08-10T10:17:25.044Z] [runtime-status] Trigger "api" has been found, beginning invocation! {}
[debug] [2019-08-10T10:17:25.044Z] [runtime-status]  {"regions":["europe-west1"],"httpsTrigger":{},"name":"api","entryPoint":"api"}
[debug] [2019-08-10T10:17:25.044Z] [runtime-status] Running api in mode HTTPS {}
[debug] [2019-08-10T10:17:25.050Z] {"socketPath":"\\\\?\\pipe\\C:\\Users\\joshd\\OneDrive\\All Documents\\Coding\\React\\social-4444\\functions\\10156"}
[debug] [2019-08-10T10:17:25.052Z] [functions] Runtime ready! Sending request! {"socketPath":"\\\\?\\pipe\\C:\\Users\\joshd\\OneDrive\\All Documents\\Coding\\React\\social-4444\\functions\\10156"}
[debug] [2019-08-10T10:17:25.075Z] [runtime-status] Ephemeral server used! {}
[debug] [2019-08-10T10:17:25.848Z] [runtime-status] Ephemeral server survived. {}
[info] i  functions: Finished "api" in ~2s
[debug] [2019-08-10T10:18:41.490Z] Accepted request POST /social-44/europe-west1/api/signup --> api
[debug] [2019-08-10T10:18:42.237Z] [runtime-status] Functions runtime initialized. {"cwd":"C:\\Users\\joshd\\OneDrive\\All Documents\\Coding\\React\\social-4444\\functions","node_version":"10.16.2"}
[info] i  functions: Beginning execution of "api"
[debug] [2019-08-10T10:18:42.238Z] [runtime-status] Disabled runtime features: {"functions_config_helper":true,"network_filtering":true,"timeout":true,"memory_limiting":true,"admin_stubs":true} {}
[debug] [2019-08-10T10:18:42.242Z] [runtime-status] Resolved module firebase-admin {"declared":true,"installed":true,"version":"8.3.0","resolution":"C:\\Users\\joshd\\OneDrive\\All Documents\\Coding\\React\\social-4444\\functions\\node_modules\\firebase-admin\\lib\\index.js"}
[debug] [2019-08-10T10:18:42.244Z] [runtime-status] Resolved module firebase-functions {"declared":true,"installed":true,"version":"3.2.0","resolution":"C:\\Users\\joshd\\OneDrive\\All Documents\\Coding\\React\\social-4444\\functions\\node_modules\\firebase-functions\\lib\\index.js"}
[debug] [2019-08-10T10:18:42.245Z] [runtime-status] Resolved module firebase-functions {"declared":true,"installed":true,"version":"3.2.0","resolution":"C:\\Users\\joshd\\OneDrive\\All Documents\\Coding\\React\\social-4444\\functions\\node_modules\\firebase-functions\\lib\\index.js"}
[debug] [2019-08-10T10:18:42.931Z] [runtime-status] Trigger "api" has been found, beginning invocation! {}
[debug] [2019-08-10T10:18:42.931Z] [runtime-status]  {"regions":["europe-west1"],"httpsTrigger":{},"name":"api","entryPoint":"api"}
[debug] [2019-08-10T10:18:42.931Z] [runtime-status] Running api in mode HTTPS {}
[debug] [2019-08-10T10:18:42.937Z] {"socketPath":"\\\\?\\pipe\\C:\\Users\\joshd\\OneDrive\\All Documents\\Coding\\React\\social-4444\\functions\\10948"}
[debug] [2019-08-10T10:18:42.939Z] [functions] Runtime ready! Sending request! {"socketPath":"\\\\?\\pipe\\C:\\Users\\joshd\\OneDrive\\All Documents\\Coding\\React\\social-4444\\functions\\10948"}
[debug] [2019-08-10T10:18:42.963Z] [runtime-status] Ephemeral server used! {}
[debug] [2019-08-10T10:18:43.306Z] [runtime-status] Ephemeral server survived. {}
[info] >  { [Error: The email address is already in use by another account.]
[info] >    code: 'auth/email-already-in-use',
[info] >    message: 'The email address is already in use by another account.' }
[info] i  functions: Finished "api" in ~1s
[debug] [2019-08-10T10:20:41.443Z] File C:\Users\joshd\OneDrive\All Documents\Coding\React\social-4444\functions\index.js changed, reloading triggers
[debug] [2019-08-10T10:20:43.146Z] [runtime-status] Functions runtime initialized. {"cwd":"C:\\Users\\joshd\\OneDrive\\All Documents\\Coding\\React\\social-4444\\functions","node_version":"10.16.2"}
[debug] [2019-08-10T10:20:43.147Z] [runtime-status] Disabled runtime features: {"functions_config_helper":true,"network_filtering":true,"timeout":true,"memory_limiting":true,"admin_stubs":true} {}
[debug] [2019-08-10T10:20:43.151Z] [runtime-status] Resolved module firebase-admin {"declared":true,"installed":true,"version":"8.3.0","resolution":"C:\\Users\\joshd\\OneDrive\\All Documents\\Coding\\React\\social-4444\\functions\\node_modules\\firebase-admin\\lib\\index.js"}
[debug] [2019-08-10T10:20:43.152Z] [runtime-status] Resolved module firebase-functions {"declared":true,"installed":true,"version":"3.2.0","resolution":"C:\\Users\\joshd\\OneDrive\\All Documents\\Coding\\React\\social-4444\\functions\\node_modules\\firebase-functions\\lib\\index.js"}
[debug] [2019-08-10T10:20:43.153Z] [runtime-status] Resolved module firebase-functions {"declared":true,"installed":true,"version":"3.2.0","resolution":"C:\\Users\\joshd\\OneDrive\\All Documents\\Coding\\React\\social-4444\\functions\\node_modules\\firebase-functions\\lib\\index.js"}
[debug] [2019-08-10T10:20:50.405Z] Accepted request POST /social-44/europe-west1/api/signup --> api
[debug] [2019-08-10T10:20:51.279Z] [runtime-status] Functions runtime initialized. {"cwd":"C:\\Users\\joshd\\OneDrive\\All Documents\\Coding\\React\\social-4444\\functions","node_version":"10.16.2"}
[info] i  functions: Beginning execution of "api"
[debug] [2019-08-10T10:20:51.281Z] [runtime-status] Disabled runtime features: {"functions_config_helper":true,"network_filtering":true,"timeout":true,"memory_limiting":true,"admin_stubs":true} {}
[debug] [2019-08-10T10:20:51.287Z] [runtime-status] Resolved module firebase-admin {"declared":true,"installed":true,"version":"8.3.0","resolution":"C:\\Users\\joshd\\OneDrive\\All Documents\\Coding\\React\\social-4444\\functions\\node_modules\\firebase-admin\\lib\\index.js"}
[debug] [2019-08-10T10:20:51.290Z] [runtime-status] Resolved module firebase-functions {"declared":true,"installed":true,"version":"3.2.0","resolution":"C:\\Users\\joshd\\OneDrive\\All Documents\\Coding\\React\\social-4444\\functions\\node_modules\\firebase-functions\\lib\\index.js"}
[debug] [2019-08-10T10:20:51.291Z] [runtime-status] Resolved module firebase-functions {"declared":true,"installed":true,"version":"3.2.0","resolution":"C:\\Users\\joshd\\OneDrive\\All Documents\\Coding\\React\\social-4444\\functions\\node_modules\\firebase-functions\\lib\\index.js"}
[debug] [2019-08-10T10:20:52.001Z] [runtime-status] Trigger "api" has been found, beginning invocation! {}
[debug] [2019-08-10T10:20:52.001Z] [runtime-status]  {"regions":["europe-west1"],"httpsTrigger":{},"name":"api","entryPoint":"api"}
[debug] [2019-08-10T10:20:52.001Z] [runtime-status] Running api in mode HTTPS {}
[debug] [2019-08-10T10:20:52.008Z] {"socketPath":"\\\\?\\pipe\\C:\\Users\\joshd\\OneDrive\\All Documents\\Coding\\React\\social-4444\\functions\\932"}
[debug] [2019-08-10T10:20:52.009Z] [functions] Runtime ready! Sending request! {"socketPath":"\\\\?\\pipe\\C:\\Users\\joshd\\OneDrive\\All Documents\\Coding\\React\\social-4444\\functions\\932"}
[debug] [2019-08-10T10:20:52.032Z] [runtime-status] Ephemeral server used! {}
[debug] [2019-08-10T10:20:52.365Z] [runtime-status] Ephemeral server survived. {}
[info] >  { [Error: The email address is already in use by another account.]
[info] >    code: 'auth/email-already-in-use',
[info] >    message: 'The email address is already in use by another account.' }
[info] i  functions: Finished "api" in ~1s
[debug] [2019-08-10T10:23:07.113Z] File C:\Users\joshd\OneDrive\All Documents\Coding\React\social-4444\functions\index.js changed, reloading triggers
[debug] [2019-08-10T10:23:08.870Z] [runtime-status] Functions runtime initialized. {"cwd":"C:\\Users\\joshd\\OneDrive\\All Documents\\Coding\\React\\social-4444\\functions","node_version":"10.16.2"}
[debug] [2019-08-10T10:23:08.870Z] [runtime-status] Disabled runtime features: {"functions_config_helper":true,"network_filtering":true,"timeout":true,"memory_limiting":true,"admin_stubs":true} {}
[debug] [2019-08-10T10:23:08.875Z] [runtime-status] Resolved module firebase-admin {"declared":true,"installed":true,"version":"8.3.0","resolution":"C:\\Users\\joshd\\OneDrive\\All Documents\\Coding\\React\\social-4444\\functions\\node_modules\\firebase-admin\\lib\\index.js"}
[debug] [2019-08-10T10:23:08.876Z] [runtime-status] Resolved module firebase-functions {"declared":true,"installed":true,"version":"3.2.0","resolution":"C:\\Users\\joshd\\OneDrive\\All Documents\\Coding\\React\\social-4444\\functions\\node_modules\\firebase-functions\\lib\\index.js"}
[debug] [2019-08-10T10:23:08.877Z] [runtime-status] Resolved module firebase-functions {"declared":true,"installed":true,"version":"3.2.0","resolution":"C:\\Users\\joshd\\OneDrive\\All Documents\\Coding\\React\\social-4444\\functions\\node_modules\\firebase-functions\\lib\\index.js"}
[debug] [2019-08-10T10:38:25.182Z] File C:\Users\joshd\OneDrive\All Documents\Coding\React\social-4444\functions\index.js changed, reloading triggers
[debug] [2019-08-10T10:38:26.939Z] [runtime-status] Functions runtime initialized. {"cwd":"C:\\Users\\joshd\\OneDrive\\All Documents\\Coding\\React\\social-4444\\functions","node_version":"10.16.2"}
[debug] [2019-08-10T10:38:26.939Z] [runtime-status] Disabled runtime features: {"functions_config_helper":true,"network_filtering":true,"timeout":true,"memory_limiting":true,"admin_stubs":true} {}
[debug] [2019-08-10T10:38:26.943Z] [runtime-status] Resolved module firebase-admin {"declared":true,"installed":true,"version":"8.3.0","resolution":"C:\\Users\\joshd\\OneDrive\\All Documents\\Coding\\React\\social-4444\\functions\\node_modules\\firebase-admin\\lib\\index.js"}
[debug] [2019-08-10T10:38:26.945Z] [runtime-status] Resolved module firebase-functions {"declared":true,"installed":true,"version":"3.2.0","resolution":"C:\\Users\\joshd\\OneDrive\\All Documents\\Coding\\React\\social-4444\\functions\\node_modules\\firebase-functions\\lib\\index.js"}
[debug] [2019-08-10T10:38:26.946Z] [runtime-status] Resolved module firebase-functions {"declared":true,"installed":true,"version":"3.2.0","resolution":"C:\\Users\\joshd\\OneDrive\\All Documents\\Coding\\React\\social-4444\\functions\\node_modules\\firebase-functions\\lib\\index.js"}
[debug] [2019-08-10T10:41:11.346Z] File C:\Users\joshd\OneDrive\All Documents\Coding\React\social-4444\functions\index.js changed, reloading triggers
[debug] [2019-08-10T10:41:13.222Z] [runtime-status] Functions runtime initialized. {"cwd":"C:\\Users\\joshd\\OneDrive\\All Documents\\Coding\\React\\social-4444\\functions","node_version":"10.16.2"}
[debug] [2019-08-10T10:41:13.222Z] [runtime-status] Disabled runtime features: {"functions_config_helper":true,"network_filtering":true,"timeout":true,"memory_limiting":true,"admin_stubs":true} {}
[debug] [2019-08-10T10:41:13.226Z] [runtime-status] Resolved module firebase-admin {"declared":true,"installed":true,"version":"8.3.0","resolution":"C:\\Users\\joshd\\OneDrive\\All Documents\\Coding\\React\\social-4444\\functions\\node_modules\\firebase-admin\\lib\\index.js"}
[debug] [2019-08-10T10:41:13.228Z] [runtime-status] Resolved module firebase-functions {"declared":true,"installed":true,"version":"3.2.0","resolution":"C:\\Users\\joshd\\OneDrive\\All Documents\\Coding\\React\\social-4444\\functions\\node_modules\\firebase-functions\\lib\\index.js"}
[debug] [2019-08-10T10:41:13.229Z] [runtime-status] Resolved module firebase-functions {"declared":true,"installed":true,"version":"3.2.0","resolution":"C:\\Users\\joshd\\OneDrive\\All Documents\\Coding\\React\\social-4444\\functions\\node_modules\\firebase-functions\\lib\\index.js"}
[debug] [2019-08-10T10:41:15.541Z] File C:\Users\joshd\OneDrive\All Documents\Coding\React\social-4444\functions\index.js changed, reloading triggers
[debug] [2019-08-10T10:41:17.352Z] [runtime-status] Functions runtime initialized. {"cwd":"C:\\Users\\joshd\\OneDrive\\All Documents\\Coding\\React\\social-4444\\functions","node_version":"10.16.2"}
[debug] [2019-08-10T10:41:17.353Z] [runtime-status] Disabled runtime features: {"functions_config_helper":true,"network_filtering":true,"timeout":true,"memory_limiting":true,"admin_stubs":true} {}
[debug] [2019-08-10T10:41:17.356Z] [runtime-status] Resolved module firebase-admin {"declared":true,"installed":true,"version":"8.3.0","resolution":"C:\\Users\\joshd\\OneDrive\\All Documents\\Coding\\React\\social-4444\\functions\\node_modules\\firebase-admin\\lib\\index.js"}
[debug] [2019-08-10T10:41:17.357Z] [runtime-status] Resolved module firebase-functions {"declared":true,"installed":true,"version":"3.2.0","resolution":"C:\\Users\\joshd\\OneDrive\\All Documents\\Coding\\React\\social-4444\\functions\\node_modules\\firebase-functions\\lib\\index.js"}
[debug] [2019-08-10T10:41:17.358Z] [runtime-status] Resolved module firebase-functions {"declared":true,"installed":true,"version":"3.2.0","resolution":"C:\\Users\\joshd\\OneDrive\\All Documents\\Coding\\React\\social-4444\\functions\\node_modules\\firebase-functions\\lib\\index.js"}
[debug] [2019-08-10T10:42:44.387Z] Accepted request POST /social-44/europe-west1/api/signup --> api
[debug] [2019-08-10T10:42:45.523Z] [runtime-status] Functions runtime initialized. {"cwd":"C:\\Users\\joshd\\OneDrive\\All Documents\\Coding\\React\\social-4444\\functions","node_version":"10.16.2"}
[info] i  functions: Beginning execution of "api"
[debug] [2019-08-10T10:42:45.525Z] [runtime-status] Disabled runtime features: {"functions_config_helper":true,"network_filtering":true,"timeout":true,"memory_limiting":true,"admin_stubs":true} {}
[debug] [2019-08-10T10:42:45.535Z] [runtime-status] Resolved module firebase-admin {"declared":true,"installed":true,"version":"8.3.0","resolution":"C:\\Users\\joshd\\OneDrive\\All Documents\\Coding\\React\\social-4444\\functions\\node_modules\\firebase-admin\\lib\\index.js"}
[debug] [2019-08-10T10:42:45.541Z] [runtime-status] Resolved module firebase-functions {"declared":true,"installed":true,"version":"3.2.0","resolution":"C:\\Users\\joshd\\OneDrive\\All Documents\\Coding\\React\\social-4444\\functions\\node_modules\\firebase-functions\\lib\\index.js"}
[debug] [2019-08-10T10:42:45.544Z] [runtime-status] Resolved module firebase-functions {"declared":true,"installed":true,"version":"3.2.0","resolution":"C:\\Users\\joshd\\OneDrive\\All Documents\\Coding\\React\\social-4444\\functions\\node_modules\\firebase-functions\\lib\\index.js"}
[debug] [2019-08-10T10:42:46.709Z] [runtime-status] Trigger "api" has been found, beginning invocation! {}
[debug] [2019-08-10T10:42:46.710Z] [runtime-status]  {"regions":["europe-west1"],"httpsTrigger":{},"name":"api","entryPoint":"api"}
[debug] [2019-08-10T10:42:46.710Z] [runtime-status] Running api in mode HTTPS {}
[debug] [2019-08-10T10:42:46.722Z] {"socketPath":"\\\\?\\pipe\\C:\\Users\\joshd\\OneDrive\\All Documents\\Coding\\React\\social-4444\\functions\\8276"}
[debug] [2019-08-10T10:42:46.723Z] [functions] Runtime ready! Sending request! {"socketPath":"\\\\?\\pipe\\C:\\Users\\joshd\\OneDrive\\All Documents\\Coding\\React\\social-4444\\functions\\8276"}
[debug] [2019-08-10T10:42:46.763Z] [runtime-status] Ephemeral server used! {}
[debug] [2019-08-10T10:42:47.392Z] [runtime-status] Ephemeral server survived. {}
[info] i  functions: Finished "api" in ~2s
[debug] [2019-08-10T10:44:22.282Z] File C:\Users\joshd\OneDrive\All Documents\Coding\React\social-4444\functions\index.js changed, reloading triggers
[debug] [2019-08-10T10:44:23.897Z] [runtime-status] Functions runtime initialized. {"cwd":"C:\\Users\\joshd\\OneDrive\\All Documents\\Coding\\React\\social-4444\\functions","node_version":"10.16.2"}
[debug] [2019-08-10T10:44:23.897Z] [runtime-status] Disabled runtime features: {"functions_config_helper":true,"network_filtering":true,"timeout":true,"memory_limiting":true,"admin_stubs":true} {}
[debug] [2019-08-10T10:44:23.900Z] [runtime-status] Resolved module firebase-admin {"declared":true,"installed":true,"version":"8.3.0","resolution":"C:\\Users\\joshd\\OneDrive\\All Documents\\Coding\\React\\social-4444\\functions\\node_modules\\firebase-admin\\lib\\index.js"}
[debug] [2019-08-10T10:44:23.902Z] [runtime-status] Resolved module firebase-functions {"declared":true,"installed":true,"version":"3.2.0","resolution":"C:\\Users\\joshd\\OneDrive\\All Documents\\Coding\\React\\social-4444\\functions\\node_modules\\firebase-functions\\lib\\index.js"}
[debug] [2019-08-10T10:44:23.902Z] [runtime-status] Resolved module firebase-functions {"declared":true,"installed":true,"version":"3.2.0","resolution":"C:\\Users\\joshd\\OneDrive\\All Documents\\Coding\\React\\social-4444\\functions\\node_modules\\firebase-functions\\lib\\index.js"}
[debug] [2019-08-10T10:44:34.509Z] Accepted request POST /social-44/europe-west1/api/signup --> api
[debug] [2019-08-10T10:44:35.460Z] [runtime-status] Functions runtime initialized. {"cwd":"C:\\Users\\joshd\\OneDrive\\All Documents\\Coding\\React\\social-4444\\functions","node_version":"10.16.2"}
[info] i  functions: Beginning execution of "api"
[debug] [2019-08-10T10:44:35.461Z] [runtime-status] Disabled runtime features: {"functions_config_helper":true,"network_filtering":true,"timeout":true,"memory_limiting":true,"admin_stubs":true} {}
[debug] [2019-08-10T10:44:35.468Z] [runtime-status] Resolved module firebase-admin {"declared":true,"installed":true,"version":"8.3.0","resolution":"C:\\Users\\joshd\\OneDrive\\All Documents\\Coding\\React\\social-4444\\functions\\node_modules\\firebase-admin\\lib\\index.js"}
[debug] [2019-08-10T10:44:35.472Z] [runtime-status] Resolved module firebase-functions {"declared":true,"installed":true,"version":"3.2.0","resolution":"C:\\Users\\joshd\\OneDrive\\All Documents\\Coding\\React\\social-4444\\functions\\node_modules\\firebase-functions\\lib\\index.js"}
[debug] [2019-08-10T10:44:35.473Z] [runtime-status] Resolved module firebase-functions {"declared":true,"installed":true,"version":"3.2.0","resolution":"C:\\Users\\joshd\\OneDrive\\All Documents\\Coding\\React\\social-4444\\functions\\node_modules\\firebase-functions\\lib\\index.js"}
[debug] [2019-08-10T10:44:36.561Z] [runtime-status] Trigger "api" has been found, beginning invocation! {}
[debug] [2019-08-10T10:44:36.562Z] [runtime-status]  {"regions":["europe-west1"],"httpsTrigger":{},"name":"api","entryPoint":"api"}
[debug] [2019-08-10T10:44:36.562Z] [runtime-status] Running api in mode HTTPS {}
[debug] [2019-08-10T10:44:36.573Z] {"socketPath":"\\\\?\\pipe\\C:\\Users\\joshd\\OneDrive\\All Documents\\Coding\\React\\social-4444\\functions\\7820"}
[debug] [2019-08-10T10:44:36.574Z] [functions] Runtime ready! Sending request! {"socketPath":"\\\\?\\pipe\\C:\\Users\\joshd\\OneDrive\\All Documents\\Coding\\React\\social-4444\\functions\\7820"}
[debug] [2019-08-10T10:44:36.611Z] [runtime-status] Ephemeral server used! {}
[debug] [2019-08-10T10:44:37.157Z] [runtime-status] Ephemeral server survived. {}
[info] >  { [Error: The email address is already in use by another account.]
[info] >    code: 'auth/email-already-in-use',
[info] >    message: 'The email address is already in use by another account.' }
[info] i  functions: Finished "api" in ~1s
[debug] [2019-08-10T10:44:47.564Z] Accepted request POST /social-44/europe-west1/api/signup --> api
[debug] [2019-08-10T10:44:48.413Z] [runtime-status] Functions runtime initialized. {"cwd":"C:\\Users\\joshd\\OneDrive\\All Documents\\Coding\\React\\social-4444\\functions","node_version":"10.16.2"}
[info] i  functions: Beginning execution of "api"
[debug] [2019-08-10T10:44:48.414Z] [runtime-status] Disabled runtime features: {"functions_config_helper":true,"network_filtering":true,"timeout":true,"memory_limiting":true,"admin_stubs":true} {}
[debug] [2019-08-10T10:44:48.419Z] [runtime-status] Resolved module firebase-admin {"declared":true,"installed":true,"version":"8.3.0","resolution":"C:\\Users\\joshd\\OneDrive\\All Documents\\Coding\\React\\social-4444\\functions\\node_modules\\firebase-admin\\lib\\index.js"}
[debug] [2019-08-10T10:44:48.421Z] [runtime-status] Resolved module firebase-functions {"declared":true,"installed":true,"version":"3.2.0","resolution":"C:\\Users\\joshd\\OneDrive\\All Documents\\Coding\\React\\social-4444\\functions\\node_modules\\firebase-functions\\lib\\index.js"}
[debug] [2019-08-10T10:44:48.423Z] [runtime-status] Resolved module firebase-functions {"declared":true,"installed":true,"version":"3.2.0","resolution":"C:\\Users\\joshd\\OneDrive\\All Documents\\Coding\\React\\social-4444\\functions\\node_modules\\firebase-functions\\lib\\index.js"}
[debug] [2019-08-10T10:44:49.568Z] [runtime-status] Trigger "api" has been found, beginning invocation! {}
[debug] [2019-08-10T10:44:49.569Z] [runtime-status]  {"regions":["europe-west1"],"httpsTrigger":{},"name":"api","entryPoint":"api"}
[debug] [2019-08-10T10:44:49.569Z] [runtime-status] Running api in mode HTTPS {}
[debug] [2019-08-10T10:44:49.581Z] {"socketPath":"\\\\?\\pipe\\C:\\Users\\joshd\\OneDrive\\All Documents\\Coding\\React\\social-4444\\functions\\4976"}
[debug] [2019-08-10T10:44:49.583Z] [functions] Runtime ready! Sending request! {"socketPath":"\\\\?\\pipe\\C:\\Users\\joshd\\OneDrive\\All Documents\\Coding\\React\\social-4444\\functions\\4976"}
[debug] [2019-08-10T10:44:49.619Z] [runtime-status] Ephemeral server used! {}
[debug] [2019-08-10T10:44:49.948Z] [runtime-status] Ephemeral server survived. {}
[info] i  functions: Finished "api" in ~1s
[debug] [2019-08-10T10:48:09.573Z] File C:\Users\joshd\OneDrive\All Documents\Coding\React\social-4444\functions\index.js changed, reloading triggers
[debug] [2019-08-10T10:48:11.228Z] [runtime-status] Functions runtime initialized. {"cwd":"C:\\Users\\joshd\\OneDrive\\All Documents\\Coding\\React\\social-4444\\functions","node_version":"10.16.2"}
[debug] [2019-08-10T10:48:11.228Z] [runtime-status] Disabled runtime features: {"functions_config_helper":true,"network_filtering":true,"timeout":true,"memory_limiting":true,"admin_stubs":true} {}
[debug] [2019-08-10T10:48:11.233Z] [runtime-status] Resolved module firebase-admin {"declared":true,"installed":true,"version":"8.3.0","resolution":"C:\\Users\\joshd\\OneDrive\\All Documents\\Coding\\React\\social-4444\\functions\\node_modules\\firebase-admin\\lib\\index.js"}
[debug] [2019-08-10T10:48:11.236Z] [runtime-status] Resolved module firebase-functions {"declared":true,"installed":true,"version":"3.2.0","resolution":"C:\\Users\\joshd\\OneDrive\\All Documents\\Coding\\React\\social-4444\\functions\\node_modules\\firebase-functions\\lib\\index.js"}
[debug] [2019-08-10T10:48:11.237Z] [runtime-status] Resolved module firebase-functions {"declared":true,"installed":true,"version":"3.2.0","resolution":"C:\\Users\\joshd\\OneDrive\\All Documents\\Coding\\React\\social-4444\\functions\\node_modules\\firebase-functions\\lib\\index.js"}
[debug] [2019-08-10T10:48:36.642Z] Accepted request POST /social-44/europe-west1/api/signup --> api
[debug] [2019-08-10T10:48:37.137Z] [runtime-status] Functions runtime initialized. {"cwd":"C:\\Users\\joshd\\OneDrive\\All Documents\\Coding\\React\\social-4444\\functions","node_version":"10.16.2"}
[info] i  functions: Beginning execution of "api"
[debug] [2019-08-10T10:48:37.137Z] [runtime-status] Disabled runtime features: {"functions_config_helper":true,"network_filtering":true,"timeout":true,"memory_limiting":true,"admin_stubs":true} {}
[debug] [2019-08-10T10:48:37.142Z] [runtime-status] Resolved module firebase-admin {"declared":true,"installed":true,"version":"8.3.0","resolution":"C:\\Users\\joshd\\OneDrive\\All Documents\\Coding\\React\\social-4444\\functions\\node_modules\\firebase-admin\\lib\\index.js"}
[debug] [2019-08-10T10:48:37.144Z] [runtime-status] Resolved module firebase-functions {"declared":true,"installed":true,"version":"3.2.0","resolution":"C:\\Users\\joshd\\OneDrive\\All Documents\\Coding\\React\\social-4444\\functions\\node_modules\\firebase-functions\\lib\\index.js"}
[debug] [2019-08-10T10:48:37.145Z] [runtime-status] Resolved module firebase-functions {"declared":true,"installed":true,"version":"3.2.0","resolution":"C:\\Users\\joshd\\OneDrive\\All Documents\\Coding\\React\\social-4444\\functions\\node_modules\\firebase-functions\\lib\\index.js"}
[debug] [2019-08-10T10:48:37.851Z] [runtime-status] Trigger "api" has been found, beginning invocation! {}
[debug] [2019-08-10T10:48:37.851Z] [runtime-status]  {"regions":["europe-west1"],"httpsTrigger":{},"name":"api","entryPoint":"api"}
[debug] [2019-08-10T10:48:37.852Z] [runtime-status] Running api in mode HTTPS {}
[debug] [2019-08-10T10:48:37.859Z] {"socketPath":"\\\\?\\pipe\\C:\\Users\\joshd\\OneDrive\\All Documents\\Coding\\React\\social-4444\\functions\\2796"}
[debug] [2019-08-10T10:48:37.860Z] [functions] Runtime ready! Sending request! {"socketPath":"\\\\?\\pipe\\C:\\Users\\joshd\\OneDrive\\All Documents\\Coding\\React\\social-4444\\functions\\2796"}
[debug] [2019-08-10T10:48:37.883Z] [runtime-status] Ephemeral server used! {}
[debug] [2019-08-10T10:48:38.221Z] [runtime-status] Ephemeral server survived. {}
[info] >  TypeError: Cannot read property 'uid' of undefined
[info] >      at db.doc.get.then.then.data (C:\Users\joshd\OneDrive\All Documents\Coding\React\social-4444\functions\index.js:83:26)
[info] >      at process._tickCallback (internal/process/next_tick.js:68:7)
[info] >  (node:2796) UnhandledPromiseRejectionWarning: Error [ERR_HTTP_HEADERS_SENT]: Cannot set headers after they are sent to the client
[info] >      at ServerResponse.setHeader (_http_outgoing.js:470:11)
[info] >      at ServerResponse.header (C:\Users\joshd\OneDrive\All Documents\Coding\React\social-4444\functions\node_modules\express\lib\response.js:771:10)
[info] >      at ServerResponse.send (C:\Users\joshd\OneDrive\All Documents\Coding\React\social-4444\functions\node_modules\express\lib\response.js:170:12)
[info] >      at ServerResponse.json (C:\Users\joshd\OneDrive\All Documents\Coding\React\social-4444\functions\node_modules\express\lib\response.js:267:15)
[info] >      at db.doc.get.then.then.then.then.catch.err (C:\Users\joshd\OneDrive\All Documents\Coding\React\social-4444\functions\index.js:104:32)
[info] >      at process._tickCallback (internal/process/next_tick.js:68:7)
[info] i  functions: Finished "api" in ~1s
[info] >  (node:2796) UnhandledPromiseRejectionWarning: Unhandled promise rejection. This error originated either by throwing inside of an async function without a catch block, or by rejecting a promise which was not handled with .catch(). (rejection id: 1)
[info] >  (node:2796) [DEP0018] DeprecationWarning: Unhandled promise rejections are deprecated. In the future, promise rejections that are not handled will terminate the Node.js process with a non-zero exit code.
[debug] [2019-08-10T10:49:01.123Z] Accepted request POST /social-44/europe-west1/api/signup --> api
[debug] [2019-08-10T10:49:01.659Z] [runtime-status] Functions runtime initialized. {"cwd":"C:\\Users\\joshd\\OneDrive\\All Documents\\Coding\\React\\social-4444\\functions","node_version":"10.16.2"}
[info] i  functions: Beginning execution of "api"
[debug] [2019-08-10T10:49:01.660Z] [runtime-status] Disabled runtime features: {"functions_config_helper":true,"network_filtering":true,"timeout":true,"memory_limiting":true,"admin_stubs":true} {}
[debug] [2019-08-10T10:49:01.664Z] [runtime-status] Resolved module firebase-admin {"declared":true,"installed":true,"version":"8.3.0","resolution":"C:\\Users\\joshd\\OneDrive\\All Documents\\Coding\\React\\social-4444\\functions\\node_modules\\firebase-admin\\lib\\index.js"}
[debug] [2019-08-10T10:49:01.666Z] [runtime-status] Resolved module firebase-functions {"declared":true,"installed":true,"version":"3.2.0","resolution":"C:\\Users\\joshd\\OneDrive\\All Documents\\Coding\\React\\social-4444\\functions\\node_modules\\firebase-functions\\lib\\index.js"}
[debug] [2019-08-10T10:49:01.667Z] [runtime-status] Resolved module firebase-functions {"declared":true,"installed":true,"version":"3.2.0","resolution":"C:\\Users\\joshd\\OneDrive\\All Documents\\Coding\\React\\social-4444\\functions\\node_modules\\firebase-functions\\lib\\index.js"}
[debug] [2019-08-10T10:49:02.324Z] [runtime-status] Trigger "api" has been found, beginning invocation! {}
[debug] [2019-08-10T10:49:02.324Z] [runtime-status]  {"regions":["europe-west1"],"httpsTrigger":{},"name":"api","entryPoint":"api"}
[debug] [2019-08-10T10:49:02.324Z] [runtime-status] Running api in mode HTTPS {}
[debug] [2019-08-10T10:49:02.331Z] {"socketPath":"\\\\?\\pipe\\C:\\Users\\joshd\\OneDrive\\All Documents\\Coding\\React\\social-4444\\functions\\860"}
[debug] [2019-08-10T10:49:02.333Z] [functions] Runtime ready! Sending request! {"socketPath":"\\\\?\\pipe\\C:\\Users\\joshd\\OneDrive\\All Documents\\Coding\\React\\social-4444\\functions\\860"}
[debug] [2019-08-10T10:49:02.365Z] [runtime-status] Ephemeral server used! {}
[debug] [2019-08-10T10:49:02.663Z] [runtime-status] Ephemeral server survived. {}
[info] >  { [Error: The email address is already in use by another account.]
[info] >    code: 'auth/email-already-in-use',
[info] >    message: 'The email address is already in use by another account.' }
[info] i  functions: Finished "api" in ~1s
[debug] [2019-08-10T10:58:09.881Z] File C:\Users\joshd\OneDrive\All Documents\Coding\React\social-4444\functions\index.js changed, reloading triggers
[debug] [2019-08-10T10:58:11.587Z] [runtime-status] Functions runtime initialized. {"cwd":"C:\\Users\\joshd\\OneDrive\\All Documents\\Coding\\React\\social-4444\\functions","node_version":"10.16.2"}
[debug] [2019-08-10T10:58:11.587Z] [runtime-status] Disabled runtime features: {"functions_config_helper":true,"network_filtering":true,"timeout":true,"memory_limiting":true,"admin_stubs":true} {}
[debug] [2019-08-10T10:58:11.591Z] [runtime-status] Resolved module firebase-admin {"declared":true,"installed":true,"version":"8.3.0","resolution":"C:\\Users\\joshd\\OneDrive\\All Documents\\Coding\\React\\social-4444\\functions\\node_modules\\firebase-admin\\lib\\index.js"}
[debug] [2019-08-10T10:58:11.594Z] [runtime-status] Resolved module firebase-functions {"declared":true,"installed":true,"version":"3.2.0","resolution":"C:\\Users\\joshd\\OneDrive\\All Documents\\Coding\\React\\social-4444\\functions\\node_modules\\firebase-functions\\lib\\index.js"}
[debug] [2019-08-10T10:58:11.594Z] [runtime-status] Resolved module firebase-functions {"declared":true,"installed":true,"version":"3.2.0","resolution":"C:\\Users\\joshd\\OneDrive\\All Documents\\Coding\\React\\social-4444\\functions\\node_modules\\firebase-functions\\lib\\index.js"}
[debug] [2019-08-10T10:59:03.294Z] File C:\Users\joshd\OneDrive\All Documents\Coding\React\social-4444\functions\index.js changed, reloading triggers
[debug] [2019-08-10T10:59:04.889Z] [runtime-status] Functions runtime initialized. {"cwd":"C:\\Users\\joshd\\OneDrive\\All Documents\\Coding\\React\\social-4444\\functions","node_version":"10.16.2"}
[debug] [2019-08-10T10:59:04.890Z] [runtime-status] Disabled runtime features: {"functions_config_helper":true,"network_filtering":true,"timeout":true,"memory_limiting":true,"admin_stubs":true} {}
[debug] [2019-08-10T10:59:04.893Z] [runtime-status] Resolved module firebase-admin {"declared":true,"installed":true,"version":"8.3.0","resolution":"C:\\Users\\joshd\\OneDrive\\All Documents\\Coding\\React\\social-4444\\functions\\node_modules\\firebase-admin\\lib\\index.js"}
[debug] [2019-08-10T10:59:04.895Z] [runtime-status] Resolved module firebase-functions {"declared":true,"installed":true,"version":"3.2.0","resolution":"C:\\Users\\joshd\\OneDrive\\All Documents\\Coding\\React\\social-4444\\functions\\node_modules\\firebase-functions\\lib\\index.js"}
[debug] [2019-08-10T10:59:04.895Z] [runtime-status] Resolved module firebase-functions {"declared":true,"installed":true,"version":"3.2.0","resolution":"C:\\Users\\joshd\\OneDrive\\All Documents\\Coding\\React\\social-4444\\functions\\node_modules\\firebase-functions\\lib\\index.js"}
[debug] [2019-08-10T10:59:06.173Z] File C:\Users\joshd\OneDrive\All Documents\Coding\React\social-4444\functions\index.js changed, reloading triggers
[debug] [2019-08-10T10:59:07.752Z] [runtime-status] Functions runtime initialized. {"cwd":"C:\\Users\\joshd\\OneDrive\\All Documents\\Coding\\React\\social-4444\\functions","node_version":"10.16.2"}
[debug] [2019-08-10T10:59:07.752Z] [runtime-status] Disabled runtime features: {"functions_config_helper":true,"network_filtering":true,"timeout":true,"memory_limiting":true,"admin_stubs":true} {}
[debug] [2019-08-10T10:59:07.756Z] [runtime-status] Resolved module firebase-admin {"declared":true,"installed":true,"version":"8.3.0","resolution":"C:\\Users\\joshd\\OneDrive\\All Documents\\Coding\\React\\social-4444\\functions\\node_modules\\firebase-admin\\lib\\index.js"}
[debug] [2019-08-10T10:59:07.758Z] [runtime-status] Resolved module firebase-functions {"declared":true,"installed":true,"version":"3.2.0","resolution":"C:\\Users\\joshd\\OneDrive\\All Documents\\Coding\\React\\social-4444\\functions\\node_modules\\firebase-functions\\lib\\index.js"}
[debug] [2019-08-10T10:59:07.759Z] [runtime-status] Resolved module firebase-functions {"declared":true,"installed":true,"version":"3.2.0","resolution":"C:\\Users\\joshd\\OneDrive\\All Documents\\Coding\\React\\social-4444\\functions\\node_modules\\firebase-functions\\lib\\index.js"}
[debug] [2019-08-10T10:59:27.944Z] Accepted request POST /social-44/europe-west1/api/signup --> api
[debug] [2019-08-10T10:59:28.482Z] [runtime-status] Functions runtime initialized. {"cwd":"C:\\Users\\joshd\\OneDrive\\All Documents\\Coding\\React\\social-4444\\functions","node_version":"10.16.2"}
[info] i  functions: Beginning execution of "api"
[debug] [2019-08-10T10:59:28.483Z] [runtime-status] Disabled runtime features: {"functions_config_helper":true,"network_filtering":true,"timeout":true,"memory_limiting":true,"admin_stubs":true} {}
[debug] [2019-08-10T10:59:28.487Z] [runtime-status] Resolved module firebase-admin {"declared":true,"installed":true,"version":"8.3.0","resolution":"C:\\Users\\joshd\\OneDrive\\All Documents\\Coding\\React\\social-4444\\functions\\node_modules\\firebase-admin\\lib\\index.js"}
[debug] [2019-08-10T10:59:28.489Z] [runtime-status] Resolved module firebase-functions {"declared":true,"installed":true,"version":"3.2.0","resolution":"C:\\Users\\joshd\\OneDrive\\All Documents\\Coding\\React\\social-4444\\functions\\node_modules\\firebase-functions\\lib\\index.js"}
[debug] [2019-08-10T10:59:28.490Z] [runtime-status] Resolved module firebase-functions {"declared":true,"installed":true,"version":"3.2.0","resolution":"C:\\Users\\joshd\\OneDrive\\All Documents\\Coding\\React\\social-4444\\functions\\node_modules\\firebase-functions\\lib\\index.js"}
[debug] [2019-08-10T10:59:29.141Z] [runtime-status] Trigger "api" has been found, beginning invocation! {}
[debug] [2019-08-10T10:59:29.141Z] [runtime-status]  {"regions":["europe-west1"],"httpsTrigger":{},"name":"api","entryPoint":"api"}
[debug] [2019-08-10T10:59:29.142Z] [runtime-status] Running api in mode HTTPS {}
[debug] [2019-08-10T10:59:29.148Z] {"socketPath":"\\\\?\\pipe\\C:\\Users\\joshd\\OneDrive\\All Documents\\Coding\\React\\social-4444\\functions\\8132"}
[debug] [2019-08-10T10:59:29.149Z] [functions] Runtime ready! Sending request! {"socketPath":"\\\\?\\pipe\\C:\\Users\\joshd\\OneDrive\\All Documents\\Coding\\React\\social-4444\\functions\\8132"}
[debug] [2019-08-10T10:59:29.172Z] [runtime-status] Ephemeral server used! {}
[debug] [2019-08-10T10:59:29.175Z] [runtime-status] Ephemeral server survived. {}
[info] >  ReferenceError: errors is not defined
[info] >      at app.post (C:\Users\joshd\OneDrive\All Documents\Coding\React\social-4444\functions\index.js:84:5)
[info] >      at Layer.handle [as handle_request] (C:\Users\joshd\OneDrive\All Documents\Coding\React\social-4444\functions\node_modules\express\lib\router\layer.js:95:5)
[info] >      at next (C:\Users\joshd\OneDrive\All Documents\Coding\React\social-4444\functions\node_modules\express\lib\router\route.js:137:13)
[info] >      at Route.dispatch (C:\Users\joshd\OneDrive\All Documents\Coding\React\social-4444\functions\node_modules\express\lib\router\route.js:112:3)
[info] >      at Layer.handle [as handle_request] (C:\Users\joshd\OneDrive\All Documents\Coding\React\social-4444\functions\node_modules\express\lib\router\layer.js:95:5)
[info] >      at C:\Users\joshd\OneDrive\All Documents\Coding\React\social-4444\functions\node_modules\express\lib\router\index.js:281:22
[info] >      at Function.process_params (C:\Users\joshd\OneDrive\All Documents\Coding\React\social-4444\functions\node_modules\express\lib\router\index.js:335:12)
[info] >      at next (C:\Users\joshd\OneDrive\All Documents\Coding\React\social-4444\functions\node_modules\express\lib\router\index.js:275:10)
[info] >      at expressInit (C:\Users\joshd\OneDrive\All Documents\Coding\React\social-4444\functions\node_modules\express\lib\middleware\init.js:40:5)
[info] >      at Layer.handle [as handle_request] (C:\Users\joshd\OneDrive\All Documents\Coding\React\social-4444\functions\node_modules\express\lib\router\layer.js:95:5)
[info] i  functions: Finished "api" in ~1s
[debug] [2019-08-10T10:59:54.770Z] File C:\Users\joshd\OneDrive\All Documents\Coding\React\social-4444\functions\index.js changed, reloading triggers
[debug] [2019-08-10T10:59:56.460Z] [runtime-status] Functions runtime initialized. {"cwd":"C:\\Users\\joshd\\OneDrive\\All Documents\\Coding\\React\\social-4444\\functions","node_version":"10.16.2"}
[debug] [2019-08-10T10:59:56.461Z] [runtime-status] Disabled runtime features: {"functions_config_helper":true,"network_filtering":true,"timeout":true,"memory_limiting":true,"admin_stubs":true} {}
[debug] [2019-08-10T10:59:56.464Z] [runtime-status] Resolved module firebase-admin {"declared":true,"installed":true,"version":"8.3.0","resolution":"C:\\Users\\joshd\\OneDrive\\All Documents\\Coding\\React\\social-4444\\functions\\node_modules\\firebase-admin\\lib\\index.js"}
[debug] [2019-08-10T10:59:56.466Z] [runtime-status] Resolved module firebase-functions {"declared":true,"installed":true,"version":"3.2.0","resolution":"C:\\Users\\joshd\\OneDrive\\All Documents\\Coding\\React\\social-4444\\functions\\node_modules\\firebase-functions\\lib\\index.js"}
[debug] [2019-08-10T10:59:56.466Z] [runtime-status] Resolved module firebase-functions {"declared":true,"installed":true,"version":"3.2.0","resolution":"C:\\Users\\joshd\\OneDrive\\All Documents\\Coding\\React\\social-4444\\functions\\node_modules\\firebase-functions\\lib\\index.js"}
[debug] [2019-08-10T10:59:59.022Z] Accepted request POST /social-44/europe-west1/api/signup --> api
[debug] [2019-08-10T10:59:59.618Z] [runtime-status] Functions runtime initialized. {"cwd":"C:\\Users\\joshd\\OneDrive\\All Documents\\Coding\\React\\social-4444\\functions","node_version":"10.16.2"}
[info] i  functions: Beginning execution of "api"
[debug] [2019-08-10T10:59:59.619Z] [runtime-status] Disabled runtime features: {"functions_config_helper":true,"network_filtering":true,"timeout":true,"memory_limiting":true,"admin_stubs":true} {}
[debug] [2019-08-10T10:59:59.623Z] [runtime-status] Resolved module firebase-admin {"declared":true,"installed":true,"version":"8.3.0","resolution":"C:\\Users\\joshd\\OneDrive\\All Documents\\Coding\\React\\social-4444\\functions\\node_modules\\firebase-admin\\lib\\index.js"}
[debug] [2019-08-10T10:59:59.624Z] [runtime-status] Resolved module firebase-functions {"declared":true,"installed":true,"version":"3.2.0","resolution":"C:\\Users\\joshd\\OneDrive\\All Documents\\Coding\\React\\social-4444\\functions\\node_modules\\firebase-functions\\lib\\index.js"}
[debug] [2019-08-10T10:59:59.625Z] [runtime-status] Resolved module firebase-functions {"declared":true,"installed":true,"version":"3.2.0","resolution":"C:\\Users\\joshd\\OneDrive\\All Documents\\Coding\\React\\social-4444\\functions\\node_modules\\firebase-functions\\lib\\index.js"}
[debug] [2019-08-10T11:00:00.352Z] [runtime-status] Trigger "api" has been found, beginning invocation! {}
[debug] [2019-08-10T11:00:00.353Z] [runtime-status]  {"regions":["europe-west1"],"httpsTrigger":{},"name":"api","entryPoint":"api"}
[debug] [2019-08-10T11:00:00.353Z] [runtime-status] Running api in mode HTTPS {}
[debug] [2019-08-10T11:00:00.359Z] {"socketPath":"\\\\?\\pipe\\C:\\Users\\joshd\\OneDrive\\All Documents\\Coding\\React\\social-4444\\functions\\12168"}
[debug] [2019-08-10T11:00:00.361Z] [functions] Runtime ready! Sending request! {"socketPath":"\\\\?\\pipe\\C:\\Users\\joshd\\OneDrive\\All Documents\\Coding\\React\\social-4444\\functions\\12168"}
[debug] [2019-08-10T11:00:00.383Z] [runtime-status] Ephemeral server used! {}
[debug] [2019-08-10T11:00:00.390Z] [runtime-status] Ephemeral server survived. {}
[info] i  functions: Finished "api" in ~1s
[debug] [2019-08-10T11:00:36.759Z] Accepted request POST /social-44/europe-west1/api/signup --> api
[debug] [2019-08-10T11:00:37.295Z] [runtime-status] Functions runtime initialized. {"cwd":"C:\\Users\\joshd\\OneDrive\\All Documents\\Coding\\React\\social-4444\\functions","node_version":"10.16.2"}
[info] i  functions: Beginning execution of "api"
[debug] [2019-08-10T11:00:37.296Z] [runtime-status] Disabled runtime features: {"functions_config_helper":true,"network_filtering":true,"timeout":true,"memory_limiting":true,"admin_stubs":true} {}
[debug] [2019-08-10T11:00:37.299Z] [runtime-status] Resolved module firebase-admin {"declared":true,"installed":true,"version":"8.3.0","resolution":"C:\\Users\\joshd\\OneDrive\\All Documents\\Coding\\React\\social-4444\\functions\\node_modules\\firebase-admin\\lib\\index.js"}
[debug] [2019-08-10T11:00:37.301Z] [runtime-status] Resolved module firebase-functions {"declared":true,"installed":true,"version":"3.2.0","resolution":"C:\\Users\\joshd\\OneDrive\\All Documents\\Coding\\React\\social-4444\\functions\\node_modules\\firebase-functions\\lib\\index.js"}
[debug] [2019-08-10T11:00:37.301Z] [runtime-status] Resolved module firebase-functions {"declared":true,"installed":true,"version":"3.2.0","resolution":"C:\\Users\\joshd\\OneDrive\\All Documents\\Coding\\React\\social-4444\\functions\\node_modules\\firebase-functions\\lib\\index.js"}
[debug] [2019-08-10T11:00:37.995Z] [runtime-status] Trigger "api" has been found, beginning invocation! {}
[debug] [2019-08-10T11:00:37.995Z] [runtime-status]  {"regions":["europe-west1"],"httpsTrigger":{},"name":"api","entryPoint":"api"}
[debug] [2019-08-10T11:00:37.995Z] [runtime-status] Running api in mode HTTPS {}
[debug] [2019-08-10T11:00:38.001Z] {"socketPath":"\\\\?\\pipe\\C:\\Users\\joshd\\OneDrive\\All Documents\\Coding\\React\\social-4444\\functions\\4460"}
[debug] [2019-08-10T11:00:38.002Z] [functions] Runtime ready! Sending request! {"socketPath":"\\\\?\\pipe\\C:\\Users\\joshd\\OneDrive\\All Documents\\Coding\\React\\social-4444\\functions\\4460"}
[debug] [2019-08-10T11:00:38.026Z] [runtime-status] Ephemeral server used! {}
[debug] [2019-08-10T11:00:38.032Z] [runtime-status] Ephemeral server survived. {}
[info] i  functions: Finished "api" in ~1s
