[debug] [2019-08-19T21:24:42.130Z] ----------------------------------------------------------------------
[debug] [2019-08-19T21:24:42.133Z] Command:       C:\Program Files\nodejs\node.exe C:\Users\Josh\AppData\Roaming\npm\node_modules\firebase-tools\lib\bin\firebase.js serve
[debug] [2019-08-19T21:24:42.133Z] CLI Version:   7.2.2
[debug] [2019-08-19T21:24:42.133Z] Platform:      win32
[debug] [2019-08-19T21:24:42.133Z] Node Version:  v10.15.3
[debug] [2019-08-19T21:24:42.134Z] Time:          Mon Aug 19 2019 22:24:42 GMT+0100 (British Summer Time)
[debug] [2019-08-19T21:24:42.134Z] ----------------------------------------------------------------------
[debug] 
[debug] [2019-08-19T21:24:42.143Z] > command requires scopes: ["email","openid","https://www.googleapis.com/auth/cloudplatformprojects.readonly","https://www.googleapis.com/auth/firebase","https://www.googleapis.com/auth/cloud-platform"]
[debug] [2019-08-19T21:24:42.144Z] > authorizing via signed-in user
[debug] [2019-08-19T21:24:42.144Z] [iam] checking project social-44 for permissions ["firebase.projects.get"]
[debug] [2019-08-19T21:24:42.146Z] >>> HTTP REQUEST POST https://cloudresourcemanager.googleapis.com/v1/projects/social-44:testIamPermissions  

[debug] [2019-08-19T21:24:42.971Z] <<< HTTP RESPONSE 200
[debug] [2019-08-19T21:24:42.972Z] >>> HTTP REQUEST GET https://firebase.googleapis.com/v1beta1/projects/social-44  
 
[debug] [2019-08-19T21:24:43.193Z] <<< HTTP RESPONSE 200
[info] 
[info] === Serving from 'C:\Users\Josh\OneDrive\All Documents\Coding\React\social-44'...
[info] 
[warn] !  Your requested "node" version "8" doesn't match your global version "10"
[debug] [2019-08-19T21:24:43.217Z] >>> HTTP REQUEST GET https://firebase.googleapis.com/v1beta1/projects/social-44/adminSdkConfig  
 
[debug] [2019-08-19T21:24:43.402Z] <<< HTTP RESPONSE 200
[info] +  functions: Emulator started at http://localhost:5000
[info] i  functions: Watching "C:\Users\Josh\OneDrive\All Documents\Coding\React\social-44\functions" for Cloud Functions...
[debug] [2019-08-19T21:24:44.157Z] [runtime-status] Functions runtime initialized. {"cwd":"C:\\Users\\Josh\\OneDrive\\All Documents\\Coding\\React\\social-44\\functions","node_version":"10.15.3"}
[debug] [2019-08-19T21:24:44.157Z] [runtime-status] Disabled runtime features: {"functions_config_helper":true,"network_filtering":true,"timeout":true,"memory_limiting":true,"admin_stubs":true} {}
[debug] [2019-08-19T21:24:44.160Z] [runtime-status] Resolved module firebase-admin {"declared":true,"installed":true,"version":"8.3.0","resolution":"C:\\Users\\Josh\\OneDrive\\All Documents\\Coding\\React\\social-44\\functions\\node_modules\\firebase-admin\\lib\\index.js"}
[debug] [2019-08-19T21:24:44.162Z] [runtime-status] Resolved module firebase-functions {"declared":true,"installed":true,"version":"3.2.0","resolution":"C:\\Users\\Josh\\OneDrive\\All Documents\\Coding\\React\\social-44\\functions\\node_modules\\firebase-functions\\lib\\index.js"}
[debug] [2019-08-19T21:24:44.163Z] [runtime-status] Resolved module firebase-functions {"declared":true,"installed":true,"version":"3.2.0","resolution":"C:\\Users\\Josh\\OneDrive\\All Documents\\Coding\\React\\social-44\\functions\\node_modules\\firebase-functions\\lib\\index.js"}
[info] +  functions[api]: http function initialized (http://localhost:5000/social-44/europe-west1/api).
[info] i  functions[createNotificationOnLike]: function ignored because the firestore emulator does not exist or is not running.
[info] i  functions[deleteNotificationOnUnLike]: function ignored because the firestore emulator does not exist or is not running.
[info] i  functions[createNotificationOnComment]: function ignored because the firestore emulator does not exist or is not running.
[debug] [2019-08-19T21:24:54.881Z] Accepted request POST /social-44/europe-west1/api/scream --> api
[debug] [2019-08-19T21:24:55.388Z] [runtime-status] Functions runtime initialized. {"cwd":"C:\\Users\\Josh\\OneDrive\\All Documents\\Coding\\React\\social-44\\functions","node_version":"10.15.3"}
[info] i  functions: Beginning execution of "api"
[debug] [2019-08-19T21:24:55.389Z] [runtime-status] Disabled runtime features: {"functions_config_helper":true,"network_filtering":true,"timeout":true,"memory_limiting":true,"admin_stubs":true} {}
[debug] [2019-08-19T21:24:55.392Z] [runtime-status] Resolved module firebase-admin {"declared":true,"installed":true,"version":"8.3.0","resolution":"C:\\Users\\Josh\\OneDrive\\All Documents\\Coding\\React\\social-44\\functions\\node_modules\\firebase-admin\\lib\\index.js"}
[debug] [2019-08-19T21:24:55.394Z] [runtime-status] Resolved module firebase-functions {"declared":true,"installed":true,"version":"3.2.0","resolution":"C:\\Users\\Josh\\OneDrive\\All Documents\\Coding\\React\\social-44\\functions\\node_modules\\firebase-functions\\lib\\index.js"}
[debug] [2019-08-19T21:24:55.395Z] [runtime-status] Resolved module firebase-functions {"declared":true,"installed":true,"version":"3.2.0","resolution":"C:\\Users\\Josh\\OneDrive\\All Documents\\Coding\\React\\social-44\\functions\\node_modules\\firebase-functions\\lib\\index.js"}
[debug] [2019-08-19T21:24:56.129Z] [runtime-status] Trigger "api" has been found, beginning invocation! {}
[debug] [2019-08-19T21:24:56.129Z] [runtime-status]  {"regions":["europe-west1"],"httpsTrigger":{},"name":"api","entryPoint":"api"}
[debug] [2019-08-19T21:24:56.129Z] [runtime-status] Running api in mode HTTPS {}
[debug] [2019-08-19T21:24:56.137Z] {"socketPath":"\\\\?\\pipe\\C:\\Users\\Josh\\OneDrive\\All Documents\\Coding\\React\\social-44\\functions\\4068"}
[debug] [2019-08-19T21:24:56.140Z] [functions] Runtime ready! Sending request! {"socketPath":"\\\\?\\pipe\\C:\\Users\\Josh\\OneDrive\\All Documents\\Coding\\React\\social-44\\functions\\4068"}
[debug] [2019-08-19T21:24:56.167Z] [runtime-status] Ephemeral server used! {}
[info] >  No token found
[debug] [2019-08-19T21:24:56.177Z] [runtime-status] Ephemeral server survived. {}
[info] i  functions: Finished "api" in ~1s
[debug] [2019-08-19T21:25:14.633Z] Accepted request POST /social-44/europe-west1/api/login --> api
[debug] [2019-08-19T21:25:15.116Z] [runtime-status] Functions runtime initialized. {"cwd":"C:\\Users\\Josh\\OneDrive\\All Documents\\Coding\\React\\social-44\\functions","node_version":"10.15.3"}
[info] i  functions: Beginning execution of "api"
[debug] [2019-08-19T21:25:15.117Z] [runtime-status] Disabled runtime features: {"functions_config_helper":true,"network_filtering":true,"timeout":true,"memory_limiting":true,"admin_stubs":true} {}
[debug] [2019-08-19T21:25:15.120Z] [runtime-status] Resolved module firebase-admin {"declared":true,"installed":true,"version":"8.3.0","resolution":"C:\\Users\\Josh\\OneDrive\\All Documents\\Coding\\React\\social-44\\functions\\node_modules\\firebase-admin\\lib\\index.js"}
[debug] [2019-08-19T21:25:15.122Z] [runtime-status] Resolved module firebase-functions {"declared":true,"installed":true,"version":"3.2.0","resolution":"C:\\Users\\Josh\\OneDrive\\All Documents\\Coding\\React\\social-44\\functions\\node_modules\\firebase-functions\\lib\\index.js"}
[debug] [2019-08-19T21:25:15.123Z] [runtime-status] Resolved module firebase-functions {"declared":true,"installed":true,"version":"3.2.0","resolution":"C:\\Users\\Josh\\OneDrive\\All Documents\\Coding\\React\\social-44\\functions\\node_modules\\firebase-functions\\lib\\index.js"}
[debug] [2019-08-19T21:25:15.863Z] [runtime-status] Trigger "api" has been found, beginning invocation! {}
[debug] [2019-08-19T21:25:15.864Z] [runtime-status]  {"regions":["europe-west1"],"httpsTrigger":{},"name":"api","entryPoint":"api"}
[debug] [2019-08-19T21:25:15.864Z] [runtime-status] Running api in mode HTTPS {}
[debug] [2019-08-19T21:25:15.871Z] {"socketPath":"\\\\?\\pipe\\C:\\Users\\Josh\\OneDrive\\All Documents\\Coding\\React\\social-44\\functions\\14788"}
[debug] [2019-08-19T21:25:15.874Z] [functions] Runtime ready! Sending request! {"socketPath":"\\\\?\\pipe\\C:\\Users\\Josh\\OneDrive\\All Documents\\Coding\\React\\social-44\\functions\\14788"}
[debug] [2019-08-19T21:25:15.900Z] [runtime-status] Ephemeral server used! {}
[debug] [2019-08-19T21:25:15.928Z] [runtime-status] Ephemeral server survived. {}
[info] i  functions: Finished "api" in ~1s
[debug] [2019-08-19T21:25:30.912Z] Accepted request POST /social-44/europe-west1/api/scream --> api
[debug] [2019-08-19T21:25:31.376Z] [runtime-status] Functions runtime initialized. {"cwd":"C:\\Users\\Josh\\OneDrive\\All Documents\\Coding\\React\\social-44\\functions","node_version":"10.15.3"}
[info] i  functions: Beginning execution of "api"
[debug] [2019-08-19T21:25:31.377Z] [runtime-status] Disabled runtime features: {"functions_config_helper":true,"network_filtering":true,"timeout":true,"memory_limiting":true,"admin_stubs":true} {}
[debug] [2019-08-19T21:25:31.380Z] [runtime-status] Resolved module firebase-admin {"declared":true,"installed":true,"version":"8.3.0","resolution":"C:\\Users\\Josh\\OneDrive\\All Documents\\Coding\\React\\social-44\\functions\\node_modules\\firebase-admin\\lib\\index.js"}
[debug] [2019-08-19T21:25:31.382Z] [runtime-status] Resolved module firebase-functions {"declared":true,"installed":true,"version":"3.2.0","resolution":"C:\\Users\\Josh\\OneDrive\\All Documents\\Coding\\React\\social-44\\functions\\node_modules\\firebase-functions\\lib\\index.js"}
[debug] [2019-08-19T21:25:31.382Z] [runtime-status] Resolved module firebase-functions {"declared":true,"installed":true,"version":"3.2.0","resolution":"C:\\Users\\Josh\\OneDrive\\All Documents\\Coding\\React\\social-44\\functions\\node_modules\\firebase-functions\\lib\\index.js"}
[debug] [2019-08-19T21:25:32.094Z] [runtime-status] Trigger "api" has been found, beginning invocation! {}
[debug] [2019-08-19T21:25:32.094Z] [runtime-status]  {"regions":["europe-west1"],"httpsTrigger":{},"name":"api","entryPoint":"api"}
[debug] [2019-08-19T21:25:32.094Z] [runtime-status] Running api in mode HTTPS {}
[debug] [2019-08-19T21:25:32.102Z] {"socketPath":"\\\\?\\pipe\\C:\\Users\\Josh\\OneDrive\\All Documents\\Coding\\React\\social-44\\functions\\13556"}
[debug] [2019-08-19T21:25:32.104Z] [functions] Runtime ready! Sending request! {"socketPath":"\\\\?\\pipe\\C:\\Users\\Josh\\OneDrive\\All Documents\\Coding\\React\\social-44\\functions\\13556"}
[debug] [2019-08-19T21:25:32.130Z] [runtime-status] Ephemeral server used! {}
[info] >  No token found
[debug] [2019-08-19T21:25:32.139Z] [runtime-status] Ephemeral server survived. {}
[info] i  functions: Finished "api" in ~1s
[debug] [2019-08-19T21:29:06.329Z] Accepted request POST /social-44/europe-west1/api/scream --> api
[debug] [2019-08-19T21:29:06.829Z] [runtime-status] Functions runtime initialized. {"cwd":"C:\\Users\\Josh\\OneDrive\\All Documents\\Coding\\React\\social-44\\functions","node_version":"10.15.3"}
[info] i  functions: Beginning execution of "api"
[debug] [2019-08-19T21:29:06.830Z] [runtime-status] Disabled runtime features: {"functions_config_helper":true,"network_filtering":true,"timeout":true,"memory_limiting":true,"admin_stubs":true} {}
[debug] [2019-08-19T21:29:06.833Z] [runtime-status] Resolved module firebase-admin {"declared":true,"installed":true,"version":"8.3.0","resolution":"C:\\Users\\Josh\\OneDrive\\All Documents\\Coding\\React\\social-44\\functions\\node_modules\\firebase-admin\\lib\\index.js"}
[debug] [2019-08-19T21:29:06.835Z] [runtime-status] Resolved module firebase-functions {"declared":true,"installed":true,"version":"3.2.0","resolution":"C:\\Users\\Josh\\OneDrive\\All Documents\\Coding\\React\\social-44\\functions\\node_modules\\firebase-functions\\lib\\index.js"}
[debug] [2019-08-19T21:29:06.835Z] [runtime-status] Resolved module firebase-functions {"declared":true,"installed":true,"version":"3.2.0","resolution":"C:\\Users\\Josh\\OneDrive\\All Documents\\Coding\\React\\social-44\\functions\\node_modules\\firebase-functions\\lib\\index.js"}
[debug] [2019-08-19T21:29:07.542Z] [runtime-status] Trigger "api" has been found, beginning invocation! {}
[debug] [2019-08-19T21:29:07.542Z] [runtime-status]  {"regions":["europe-west1"],"httpsTrigger":{},"name":"api","entryPoint":"api"}
[debug] [2019-08-19T21:29:07.542Z] [runtime-status] Running api in mode HTTPS {}
[debug] [2019-08-19T21:29:07.550Z] {"socketPath":"\\\\?\\pipe\\C:\\Users\\Josh\\OneDrive\\All Documents\\Coding\\React\\social-44\\functions\\5624"}
[debug] [2019-08-19T21:29:07.552Z] [functions] Runtime ready! Sending request! {"socketPath":"\\\\?\\pipe\\C:\\Users\\Josh\\OneDrive\\All Documents\\Coding\\React\\social-44\\functions\\5624"}
[debug] [2019-08-19T21:29:07.579Z] [runtime-status] Ephemeral server used! {}
[debug] [2019-08-19T21:29:07.652Z] [runtime-status] Ephemeral server survived. {}
[info] i  functions: Finished "api" in ~1s
[debug] [2019-08-19T21:29:32.260Z] Accepted request POST /social-44/europe-west1/api/scream/QlUsMRAvH8SgUQen2X8B/comment --> api
[debug] [2019-08-19T21:29:32.712Z] [runtime-status] Functions runtime initialized. {"cwd":"C:\\Users\\Josh\\OneDrive\\All Documents\\Coding\\React\\social-44\\functions","node_version":"10.15.3"}
[info] i  functions: Beginning execution of "api"
[debug] [2019-08-19T21:29:32.713Z] [runtime-status] Disabled runtime features: {"functions_config_helper":true,"network_filtering":true,"timeout":true,"memory_limiting":true,"admin_stubs":true} {}
[debug] [2019-08-19T21:29:32.717Z] [runtime-status] Resolved module firebase-admin {"declared":true,"installed":true,"version":"8.3.0","resolution":"C:\\Users\\Josh\\OneDrive\\All Documents\\Coding\\React\\social-44\\functions\\node_modules\\firebase-admin\\lib\\index.js"}
[debug] [2019-08-19T21:29:32.718Z] [runtime-status] Resolved module firebase-functions {"declared":true,"installed":true,"version":"3.2.0","resolution":"C:\\Users\\Josh\\OneDrive\\All Documents\\Coding\\React\\social-44\\functions\\node_modules\\firebase-functions\\lib\\index.js"}
[debug] [2019-08-19T21:29:32.719Z] [runtime-status] Resolved module firebase-functions {"declared":true,"installed":true,"version":"3.2.0","resolution":"C:\\Users\\Josh\\OneDrive\\All Documents\\Coding\\React\\social-44\\functions\\node_modules\\firebase-functions\\lib\\index.js"}
[debug] [2019-08-19T21:29:33.423Z] [runtime-status] Trigger "api" has been found, beginning invocation! {}
[debug] [2019-08-19T21:29:33.423Z] [runtime-status]  {"regions":["europe-west1"],"httpsTrigger":{},"name":"api","entryPoint":"api"}
[debug] [2019-08-19T21:29:33.423Z] [runtime-status] Running api in mode HTTPS {}
[debug] [2019-08-19T21:29:33.431Z] {"socketPath":"\\\\?\\pipe\\C:\\Users\\Josh\\OneDrive\\All Documents\\Coding\\React\\social-44\\functions\\17932"}
[debug] [2019-08-19T21:29:33.433Z] [functions] Runtime ready! Sending request! {"socketPath":"\\\\?\\pipe\\C:\\Users\\Josh\\OneDrive\\All Documents\\Coding\\React\\social-44\\functions\\17932"}
[debug] [2019-08-19T21:29:33.457Z] [runtime-status] Ephemeral server used! {}
[debug] [2019-08-19T21:29:33.528Z] [runtime-status] Ephemeral server survived. {}
[info] i  functions: Finished "api" in ~1s
[debug] [2019-08-19T21:30:10.256Z] Accepted request GET /social-44/europe-west1/api/user --> api
[debug] [2019-08-19T21:30:10.729Z] [runtime-status] Functions runtime initialized. {"cwd":"C:\\Users\\Josh\\OneDrive\\All Documents\\Coding\\React\\social-44\\functions","node_version":"10.15.3"}
[info] i  functions: Beginning execution of "api"
[debug] [2019-08-19T21:30:10.729Z] [runtime-status] Disabled runtime features: {"functions_config_helper":true,"network_filtering":true,"timeout":true,"memory_limiting":true,"admin_stubs":true} {}
[debug] [2019-08-19T21:30:10.732Z] [runtime-status] Resolved module firebase-admin {"declared":true,"installed":true,"version":"8.3.0","resolution":"C:\\Users\\Josh\\OneDrive\\All Documents\\Coding\\React\\social-44\\functions\\node_modules\\firebase-admin\\lib\\index.js"}
[debug] [2019-08-19T21:30:10.734Z] [runtime-status] Resolved module firebase-functions {"declared":true,"installed":true,"version":"3.2.0","resolution":"C:\\Users\\Josh\\OneDrive\\All Documents\\Coding\\React\\social-44\\functions\\node_modules\\firebase-functions\\lib\\index.js"}
[debug] [2019-08-19T21:30:10.734Z] [runtime-status] Resolved module firebase-functions {"declared":true,"installed":true,"version":"3.2.0","resolution":"C:\\Users\\Josh\\OneDrive\\All Documents\\Coding\\React\\social-44\\functions\\node_modules\\firebase-functions\\lib\\index.js"}
[debug] [2019-08-19T21:30:11.457Z] [runtime-status] Trigger "api" has been found, beginning invocation! {}
[debug] [2019-08-19T21:30:11.457Z] [runtime-status]  {"regions":["europe-west1"],"httpsTrigger":{},"name":"api","entryPoint":"api"}
[debug] [2019-08-19T21:30:11.457Z] [runtime-status] Running api in mode HTTPS {}
[debug] [2019-08-19T21:30:11.465Z] {"socketPath":"\\\\?\\pipe\\C:\\Users\\Josh\\OneDrive\\All Documents\\Coding\\React\\social-44\\functions\\7976"}
[debug] [2019-08-19T21:30:11.467Z] [functions] Runtime ready! Sending request! {"socketPath":"\\\\?\\pipe\\C:\\Users\\Josh\\OneDrive\\All Documents\\Coding\\React\\social-44\\functions\\7976"}
[debug] [2019-08-19T21:30:11.476Z] [runtime-status] Ephemeral server used! {}
[debug] [2019-08-19T21:30:11.551Z] [runtime-status] Ephemeral server survived. {}
[info] >  { Error: The query requires an index. You can create it here: https://console.firebase.google.com/project/social-44/database/firestore/indexes?create_composite=Ck9wcm9qZWN0cy9zb2NpYWwtNDQvZGF0YWJhc2VzLyhkZWZhdWx0KS9jb2xsZWN0aW9uR3JvdXBzL25vdGlmaWNhdGlvbnMvaW5kZXhlcy9fEAEaDQoJcmVjaXBpZW50EAEaDQoJY3JlYXRlZEF0EAIaDAoIX19uYW1lX18QAg
[info] >      at Http2CallStream.call.on (C:\Users\Josh\OneDrive\All Documents\Coding\React\social-44\functions\node_modules\@grpc\grpc-js\build\src\call.js:68:41)
[info] >      at Http2CallStream.emit (events.js:194:15)
[info] >      at process.nextTick (C:\Users\Josh\OneDrive\All Documents\Coding\React\social-44\functions\node_modules\@grpc\grpc-js\build\src\call-stream.js:71:22)
[info] >      at process._tickCallback (internal/process/next_tick.js:61:11)
[info] >    code: 9,
[info] >    details:
[info] >     'The query requires an index. You can create it here: https://console.firebase.google.com/project/social-44/database/firestore/indexes?create_composite=Ck9wcm9qZWN0cy9zb2NpYWwtNDQvZGF0YWJhc2VzLyhkZWZhdWx0KS9jb2xsZWN0aW9uR3JvdXBzL25vdGlmaWNhdGlvbnMvaW5kZXhlcy9fEAEaDQoJcmVjaXBpZW50EAEaDQoJY3JlYXRlZEF0EAIaDAoIX19uYW1lX18QAg',
[info] >    metadata: Metadata { options: undefined, internalRepr: Map {} } }
[info] i  functions: Finished "api" in ~1s
[debug] [2019-08-19T21:32:32.788Z] Accepted request GET /social-44/europe-west1/api/user --> api
[debug] [2019-08-19T21:32:33.289Z] [runtime-status] Functions runtime initialized. {"cwd":"C:\\Users\\Josh\\OneDrive\\All Documents\\Coding\\React\\social-44\\functions","node_version":"10.15.3"}
[info] i  functions: Beginning execution of "api"
[debug] [2019-08-19T21:32:33.290Z] [runtime-status] Disabled runtime features: {"functions_config_helper":true,"network_filtering":true,"timeout":true,"memory_limiting":true,"admin_stubs":true} {}
[debug] [2019-08-19T21:32:33.293Z] [runtime-status] Resolved module firebase-admin {"declared":true,"installed":true,"version":"8.3.0","resolution":"C:\\Users\\Josh\\OneDrive\\All Documents\\Coding\\React\\social-44\\functions\\node_modules\\firebase-admin\\lib\\index.js"}
[debug] [2019-08-19T21:32:33.295Z] [runtime-status] Resolved module firebase-functions {"declared":true,"installed":true,"version":"3.2.0","resolution":"C:\\Users\\Josh\\OneDrive\\All Documents\\Coding\\React\\social-44\\functions\\node_modules\\firebase-functions\\lib\\index.js"}
[debug] [2019-08-19T21:32:33.296Z] [runtime-status] Resolved module firebase-functions {"declared":true,"installed":true,"version":"3.2.0","resolution":"C:\\Users\\Josh\\OneDrive\\All Documents\\Coding\\React\\social-44\\functions\\node_modules\\firebase-functions\\lib\\index.js"}
[debug] [2019-08-19T21:32:34.078Z] [runtime-status] Trigger "api" has been found, beginning invocation! {}
[debug] [2019-08-19T21:32:34.078Z] [runtime-status]  {"regions":["europe-west1"],"httpsTrigger":{},"name":"api","entryPoint":"api"}
[debug] [2019-08-19T21:32:34.078Z] [runtime-status] Running api in mode HTTPS {}
[debug] [2019-08-19T21:32:34.087Z] {"socketPath":"\\\\?\\pipe\\C:\\Users\\Josh\\OneDrive\\All Documents\\Coding\\React\\social-44\\functions\\15568"}
[debug] [2019-08-19T21:32:34.089Z] [functions] Runtime ready! Sending request! {"socketPath":"\\\\?\\pipe\\C:\\Users\\Josh\\OneDrive\\All Documents\\Coding\\React\\social-44\\functions\\15568"}
[debug] [2019-08-19T21:32:34.100Z] [runtime-status] Ephemeral server used! {}
[debug] [2019-08-19T21:32:34.186Z] [runtime-status] Ephemeral server survived. {}
[info] >  { Error: The query requires an index. That index is currently building and cannot be used yet. See its status here: https://console.firebase.google.com/project/social-44/database/firestore/indexes?create_composite=Clpwcm9qZWN0cy9zb2NpYWwtNDQvZGF0YWJhc2VzLyhkZWZhdWx0KS9jb2xsZWN0aW9uR3JvdXBzL25vdGlmaWNhdGlvbnMvaW5kZXhlcy9DSUNBZ0ppVXBvTUsQARoNCglyZWNpcGllbnQQARoNCgljcmVhdGVkQXQQAhoMCghfX25hbWVfXxAC
[info] >      at Http2CallStream.call.on (C:\Users\Josh\OneDrive\All Documents\Coding\React\social-44\functions\node_modules\@grpc\grpc-js\build\src\call.js:68:41)
[info] >      at Http2CallStream.emit (events.js:194:15)
[info] >      at process.nextTick (C:\Users\Josh\OneDrive\All Documents\Coding\React\social-44\functions\node_modules\@grpc\grpc-js\build\src\call-stream.js:71:22)
[info] >      at process._tickCallback (internal/process/next_tick.js:61:11)
[info] >    code: 9,
[info] >    details:
[info] >     'The query requires an index. That index is currently building and cannot be used yet. See its status here: https://console.firebase.google.com/project/social-44/database/firestore/indexes?create_composite=Clpwcm9qZWN0cy9zb2NpYWwtNDQvZGF0YWJhc2VzLyhkZWZhdWx0KS9jb2xsZWN0aW9uR3JvdXBzL25vdGlmaWNhdGlvbnMvaW5kZXhlcy9DSUNBZ0ppVXBvTUsQARoNCglyZWNpcGllbnQQARoNCgljcmVhdGVkQXQQAhoMCghfX25hbWVfXxAC',
[info] >    metadata: Metadata { options: undefined, internalRepr: Map {} } }
[info] i  functions: Finished "api" in ~1s
